2017-05-16 23:28:13 [INFO] [---------- Log Initialized begin... ----------] [com.framework.module.common.startup.LogStartup.onApplicationEvent():33]
2017-05-16 23:28:13 [INFO] [---------- Log Initialized end ----------] [com.framework.module.common.startup.LogStartup.onApplicationEvent():37]
2017-05-16 23:28:13 [INFO] [---------- Lucene创建索引开始... ----------] [com.framework.module.common.startup.LuceneStartup.onApplicationEvent():41]
2017-05-16 23:28:13 [WARN] [---------- Lucene找不到需要创建索引的Entity ----------] [com.framework.module.common.startup.LuceneStartup.onApplicationEvent():47]
2017-05-16 23:30:11 [INFO] [登录成功] [com.framework.module.member.service.MemberService.login():135]
2017-05-16 23:30:12 [INFO] [create JWT succeeded!] [com.framework.module.common.security.jwt.JWTUtils.encryptJWT():98]
2017-05-16 23:30:12 [INFO] [JWT validation succeeded!] [com.framework.module.common.security.jwt.JWTUtils.decryptJWT():126]
2017-05-16 23:30:12 [INFO] [JWT validation succeeded!] [com.framework.module.common.security.jwt.JWTUtils.decryptJWT():126]
2017-05-16 23:30:12 [INFO] [create JWT succeeded!] [com.framework.module.common.security.jwt.JWTUtils.encryptJWT():98]
2017-05-16 23:30:12 [INFO] [create JWT succeeded!] [com.framework.module.common.security.jwt.JWTUtils.encryptJWT():98]
2017-05-16 23:42:33 [INFO] [登录成功] [com.framework.module.member.service.MemberService.login():135]
2017-05-16 23:42:33 [INFO] [create JWT succeeded!] [com.framework.module.common.security.jwt.JWTUtils.encryptJWT():98]
2017-05-16 23:42:33 [INFO] [JWT validation succeeded!] [com.framework.module.common.security.jwt.JWTUtils.decryptJWT():126]
2017-05-16 23:42:33 [INFO] [JWT validation succeeded!] [com.framework.module.common.security.jwt.JWTUtils.decryptJWT():126]
2017-05-16 23:42:33 [INFO] [create JWT succeeded!] [com.framework.module.common.security.jwt.JWTUtils.encryptJWT():98]
2017-05-16 23:42:33 [INFO] [create JWT succeeded!] [com.framework.module.common.security.jwt.JWTUtils.encryptJWT():98]
2017-05-16 23:42:35 [ERROR] [The token is invalid] [com.framework.module.common.security.jwt.JWTRealm.doGetAuthenticationInfo():66]
org.jose4j.jwt.consumer.InvalidJwtException: JWT (claims->{"iss":"Issuer","aud":"Audience","exp":1494948672,"jti":"DppEy_KZewbRL5_GQ0AjOg","iat":1494948612,"nbf":1494948492,"sub":"{\"userName\":\"13512789001\",\"attributes\":null}"}) rejected due to invalid claims. Additional details: [The JWT is no longer valid - the evaluation time NumericDate{1494949355 -> 2017-5-16 下午11时42分35秒} is on or after the Expiration Time (exp=NumericDate{1494948672 -> 2017-5-16 下午11时31分12秒}) claim value (even when providing 30 seconds of leeway to account for clock skew).]
	at org.jose4j.jwt.consumer.JwtConsumer.validate(JwtConsumer.java:426)
	at org.jose4j.jwt.consumer.JwtConsumer.processContext(JwtConsumer.java:277)
	at org.jose4j.jwt.consumer.JwtConsumer.process(JwtConsumer.java:395)
	at org.jose4j.jwt.consumer.JwtConsumer.processToClaims(JwtConsumer.java:155)
	at com.framework.module.common.security.jwt.JWTUtils.decryptJWT(JWTUtils.java:124)
	at com.framework.module.common.security.jwt.JWTRealm.doGetAuthenticationInfo(JWTRealm.java:58)
	at org.apache.shiro.realm.AuthenticatingRealm.getAuthenticationInfo(AuthenticatingRealm.java:568)
	at org.apache.shiro.authc.pam.ModularRealmAuthenticator.doMultiRealmAuthentication(ModularRealmAuthenticator.java:219)
	at org.apache.shiro.authc.pam.ModularRealmAuthenticator.doAuthenticate(ModularRealmAuthenticator.java:269)
	at org.apache.shiro.authc.AbstractAuthenticator.authenticate(AbstractAuthenticator.java:198)
	at org.apache.shiro.mgt.AuthenticatingSecurityManager.authenticate(AuthenticatingSecurityManager.java:106)
	at org.apache.shiro.mgt.DefaultSecurityManager.login(DefaultSecurityManager.java:270)
	at org.apache.shiro.subject.support.DelegatingSubject.login(DelegatingSubject.java:256)
	at org.apache.shiro.web.filter.authc.AuthenticatingFilter.executeLogin(AuthenticatingFilter.java:53)
	at com.framework.module.common.security.jwt.JWTAuthenticationFilter.onAccessDenied(JWTAuthenticationFilter.java:57)
	at org.apache.shiro.web.filter.AccessControlFilter.onAccessDenied(AccessControlFilter.java:133)
	at org.apache.shiro.web.filter.AccessControlFilter.onPreHandle(AccessControlFilter.java:162)
	at org.apache.shiro.web.filter.PathMatchingFilter.isFilterChainContinued(PathMatchingFilter.java:203)
	at org.apache.shiro.web.filter.PathMatchingFilter.preHandle(PathMatchingFilter.java:178)
	at org.apache.shiro.web.servlet.AdviceFilter.doFilterInternal(AdviceFilter.java:131)
	at org.apache.shiro.web.servlet.OncePerRequestFilter.doFilter(OncePerRequestFilter.java:125)
	at org.apache.shiro.web.servlet.ProxiedFilterChain.doFilter(ProxiedFilterChain.java:66)
	at org.apache.shiro.web.servlet.AbstractShiroFilter.executeChain(AbstractShiroFilter.java:449)
	at org.apache.shiro.web.servlet.AbstractShiroFilter$1.call(AbstractShiroFilter.java:365)
	at org.apache.shiro.subject.support.SubjectCallable.doCall(SubjectCallable.java:90)
	at org.apache.shiro.subject.support.SubjectCallable.call(SubjectCallable.java:83)
	at org.apache.shiro.subject.support.DelegatingSubject.execute(DelegatingSubject.java:383)
	at org.apache.shiro.web.servlet.AbstractShiroFilter.doFilterInternal(AbstractShiroFilter.java:362)
	at org.apache.shiro.web.servlet.OncePerRequestFilter.doFilter(OncePerRequestFilter.java:125)
	at org.springframework.web.filter.DelegatingFilterProxy.invokeDelegate(DelegatingFilterProxy.java:346)
	at org.springframework.web.filter.DelegatingFilterProxy.doFilter(DelegatingFilterProxy.java:262)
	at org.eclipse.jetty.servlet.ServletHandler$CachedChain.doFilter(ServletHandler.java:1652)
	at org.eclipse.jetty.websocket.server.WebSocketUpgradeFilter.doFilter(WebSocketUpgradeFilter.java:224)
	at org.eclipse.jetty.servlet.ServletHandler$CachedChain.doFilter(ServletHandler.java:1652)
	at org.eclipse.jetty.servlet.ServletHandler.doHandle(ServletHandler.java:585)
	at org.eclipse.jetty.server.handler.ScopedHandler.handle(ScopedHandler.java:143)
	at org.eclipse.jetty.security.SecurityHandler.handle(SecurityHandler.java:577)
	at org.eclipse.jetty.server.session.SessionHandler.doHandle(SessionHandler.java:223)
	at org.eclipse.jetty.server.handler.ContextHandler.doHandle(ContextHandler.java:1127)
	at org.eclipse.jetty.servlet.ServletHandler.doScope(ServletHandler.java:515)
	at org.eclipse.jetty.server.session.SessionHandler.doScope(SessionHandler.java:185)
	at org.eclipse.jetty.server.handler.ContextHandler.doScope(ContextHandler.java:1061)
	at org.eclipse.jetty.server.handler.ScopedHandler.handle(ScopedHandler.java:141)
	at org.eclipse.jetty.server.handler.ContextHandlerCollection.handle(ContextHandlerCollection.java:215)
	at org.eclipse.jetty.server.handler.HandlerCollection.handle(HandlerCollection.java:110)
	at org.eclipse.jetty.server.handler.HandlerWrapper.handle(HandlerWrapper.java:97)
	at org.eclipse.jetty.server.Server.handle(Server.java:497)
	at org.eclipse.jetty.server.HttpChannel.handle(HttpChannel.java:310)
	at org.eclipse.jetty.server.HttpConnection.onFillable(HttpConnection.java:257)
	at org.eclipse.jetty.io.AbstractConnection$2.run(AbstractConnection.java:540)
	at org.eclipse.jetty.util.thread.QueuedThreadPool.runJob(QueuedThreadPool.java:635)
	at org.eclipse.jetty.util.thread.QueuedThreadPool$3.run(QueuedThreadPool.java:555)
	at java.lang.Thread.run(Thread.java:745)
2017-05-16 23:42:35 [ERROR] [The token is invalid] [com.framework.module.common.security.jwt.JWTRealm.doGetAuthenticationInfo():66]
org.jose4j.jwt.consumer.InvalidJwtException: JWT (claims->{"iss":"Issuer","aud":"Audience","exp":1494948672,"jti":"DppEy_KZewbRL5_GQ0AjOg","iat":1494948612,"nbf":1494948492,"sub":"{\"userName\":\"13512789001\",\"attributes\":null}"}) rejected due to invalid claims. Additional details: [The JWT is no longer valid - the evaluation time NumericDate{1494949355 -> 2017-5-16 下午11时42分35秒} is on or after the Expiration Time (exp=NumericDate{1494948672 -> 2017-5-16 下午11时31分12秒}) claim value (even when providing 30 seconds of leeway to account for clock skew).]
	at org.jose4j.jwt.consumer.JwtConsumer.validate(JwtConsumer.java:426)
	at org.jose4j.jwt.consumer.JwtConsumer.processContext(JwtConsumer.java:277)
	at org.jose4j.jwt.consumer.JwtConsumer.process(JwtConsumer.java:395)
	at org.jose4j.jwt.consumer.JwtConsumer.processToClaims(JwtConsumer.java:155)
	at com.framework.module.common.security.jwt.JWTUtils.decryptJWT(JWTUtils.java:124)
	at com.framework.module.common.security.jwt.JWTRealm.doGetAuthenticationInfo(JWTRealm.java:58)
	at org.apache.shiro.realm.AuthenticatingRealm.getAuthenticationInfo(AuthenticatingRealm.java:568)
	at org.apache.shiro.authc.pam.ModularRealmAuthenticator.doMultiRealmAuthentication(ModularRealmAuthenticator.java:219)
	at org.apache.shiro.authc.pam.ModularRealmAuthenticator.doAuthenticate(ModularRealmAuthenticator.java:269)
	at org.apache.shiro.authc.AbstractAuthenticator.authenticate(AbstractAuthenticator.java:198)
	at org.apache.shiro.mgt.AuthenticatingSecurityManager.authenticate(AuthenticatingSecurityManager.java:106)
	at org.apache.shiro.mgt.DefaultSecurityManager.login(DefaultSecurityManager.java:270)
	at org.apache.shiro.subject.support.DelegatingSubject.login(DelegatingSubject.java:256)
	at org.apache.shiro.web.filter.authc.AuthenticatingFilter.executeLogin(AuthenticatingFilter.java:53)
	at com.framework.module.common.security.jwt.JWTAuthenticationFilter.onAccessDenied(JWTAuthenticationFilter.java:57)
	at org.apache.shiro.web.filter.AccessControlFilter.onAccessDenied(AccessControlFilter.java:133)
	at org.apache.shiro.web.filter.AccessControlFilter.onPreHandle(AccessControlFilter.java:162)
	at org.apache.shiro.web.filter.PathMatchingFilter.isFilterChainContinued(PathMatchingFilter.java:203)
	at org.apache.shiro.web.filter.PathMatchingFilter.preHandle(PathMatchingFilter.java:178)
	at org.apache.shiro.web.servlet.AdviceFilter.doFilterInternal(AdviceFilter.java:131)
	at org.apache.shiro.web.servlet.OncePerRequestFilter.doFilter(OncePerRequestFilter.java:125)
	at org.apache.shiro.web.servlet.ProxiedFilterChain.doFilter(ProxiedFilterChain.java:66)
	at org.apache.shiro.web.servlet.AbstractShiroFilter.executeChain(AbstractShiroFilter.java:449)
	at org.apache.shiro.web.servlet.AbstractShiroFilter$1.call(AbstractShiroFilter.java:365)
	at org.apache.shiro.subject.support.SubjectCallable.doCall(SubjectCallable.java:90)
	at org.apache.shiro.subject.support.SubjectCallable.call(SubjectCallable.java:83)
	at org.apache.shiro.subject.support.DelegatingSubject.execute(DelegatingSubject.java:383)
	at org.apache.shiro.web.servlet.AbstractShiroFilter.doFilterInternal(AbstractShiroFilter.java:362)
	at org.apache.shiro.web.servlet.OncePerRequestFilter.doFilter(OncePerRequestFilter.java:125)
	at org.springframework.web.filter.DelegatingFilterProxy.invokeDelegate(DelegatingFilterProxy.java:346)
	at org.springframework.web.filter.DelegatingFilterProxy.doFilter(DelegatingFilterProxy.java:262)
	at org.eclipse.jetty.servlet.ServletHandler$CachedChain.doFilter(ServletHandler.java:1652)
	at org.eclipse.jetty.websocket.server.WebSocketUpgradeFilter.doFilter(WebSocketUpgradeFilter.java:224)
	at org.eclipse.jetty.servlet.ServletHandler$CachedChain.doFilter(ServletHandler.java:1652)
	at org.eclipse.jetty.servlet.ServletHandler.doHandle(ServletHandler.java:585)
	at org.eclipse.jetty.server.handler.ScopedHandler.handle(ScopedHandler.java:143)
	at org.eclipse.jetty.security.SecurityHandler.handle(SecurityHandler.java:577)
	at org.eclipse.jetty.server.session.SessionHandler.doHandle(SessionHandler.java:223)
	at org.eclipse.jetty.server.handler.ContextHandler.doHandle(ContextHandler.java:1127)
	at org.eclipse.jetty.servlet.ServletHandler.doScope(ServletHandler.java:515)
	at org.eclipse.jetty.server.session.SessionHandler.doScope(SessionHandler.java:185)
	at org.eclipse.jetty.server.handler.ContextHandler.doScope(ContextHandler.java:1061)
	at org.eclipse.jetty.server.handler.ScopedHandler.handle(ScopedHandler.java:141)
	at org.eclipse.jetty.server.handler.ContextHandlerCollection.handle(ContextHandlerCollection.java:215)
	at org.eclipse.jetty.server.handler.HandlerCollection.handle(HandlerCollection.java:110)
	at org.eclipse.jetty.server.handler.HandlerWrapper.handle(HandlerWrapper.java:97)
	at org.eclipse.jetty.server.Server.handle(Server.java:497)
	at org.eclipse.jetty.server.HttpChannel.handle(HttpChannel.java:310)
	at org.eclipse.jetty.server.HttpConnection.onFillable(HttpConnection.java:257)
	at org.eclipse.jetty.io.AbstractConnection$2.run(AbstractConnection.java:540)
	at org.eclipse.jetty.util.thread.QueuedThreadPool.runJob(QueuedThreadPool.java:635)
	at org.eclipse.jetty.util.thread.QueuedThreadPool$3.run(QueuedThreadPool.java:555)
	at java.lang.Thread.run(Thread.java:745)
2017-05-17 09:16:34 [ERROR] [The token is invalid] [com.framework.module.common.security.jwt.JWTRealm.doGetAuthenticationInfo():66]
org.jose4j.jwt.consumer.InvalidJwtException: JWT (claims->{"iss":"Issuer","aud":"Audience","exp":1494949413,"jti":"MoNX3zi6Vt12e1WY9ErNMw","iat":1494949353,"nbf":1494949233,"sub":"{\"userName\":\"13512789001\",\"attributes\":null}"}) rejected due to invalid claims. Additional details: [The JWT is no longer valid - the evaluation time NumericDate{1494983794 -> 2017-5-17 上午09时16分34秒} is on or after the Expiration Time (exp=NumericDate{1494949413 -> 2017-5-16 下午11时43分33秒}) claim value (even when providing 30 seconds of leeway to account for clock skew).]
	at org.jose4j.jwt.consumer.JwtConsumer.validate(JwtConsumer.java:426)
	at org.jose4j.jwt.consumer.JwtConsumer.processContext(JwtConsumer.java:277)
	at org.jose4j.jwt.consumer.JwtConsumer.process(JwtConsumer.java:395)
	at org.jose4j.jwt.consumer.JwtConsumer.processToClaims(JwtConsumer.java:155)
	at com.framework.module.common.security.jwt.JWTUtils.decryptJWT(JWTUtils.java:124)
	at com.framework.module.common.security.jwt.JWTRealm.doGetAuthenticationInfo(JWTRealm.java:58)
	at org.apache.shiro.realm.AuthenticatingRealm.getAuthenticationInfo(AuthenticatingRealm.java:568)
	at org.apache.shiro.authc.pam.ModularRealmAuthenticator.doMultiRealmAuthentication(ModularRealmAuthenticator.java:219)
	at org.apache.shiro.authc.pam.ModularRealmAuthenticator.doAuthenticate(ModularRealmAuthenticator.java:269)
	at org.apache.shiro.authc.AbstractAuthenticator.authenticate(AbstractAuthenticator.java:198)
	at org.apache.shiro.mgt.AuthenticatingSecurityManager.authenticate(AuthenticatingSecurityManager.java:106)
	at org.apache.shiro.mgt.DefaultSecurityManager.login(DefaultSecurityManager.java:270)
	at org.apache.shiro.subject.support.DelegatingSubject.login(DelegatingSubject.java:256)
	at org.apache.shiro.web.filter.authc.AuthenticatingFilter.executeLogin(AuthenticatingFilter.java:53)
	at com.framework.module.common.security.jwt.JWTAuthenticationFilter.onAccessDenied(JWTAuthenticationFilter.java:57)
	at org.apache.shiro.web.filter.AccessControlFilter.onAccessDenied(AccessControlFilter.java:133)
	at org.apache.shiro.web.filter.AccessControlFilter.onPreHandle(AccessControlFilter.java:162)
	at org.apache.shiro.web.filter.PathMatchingFilter.isFilterChainContinued(PathMatchingFilter.java:203)
	at org.apache.shiro.web.filter.PathMatchingFilter.preHandle(PathMatchingFilter.java:178)
	at org.apache.shiro.web.servlet.AdviceFilter.doFilterInternal(AdviceFilter.java:131)
	at org.apache.shiro.web.servlet.OncePerRequestFilter.doFilter(OncePerRequestFilter.java:125)
	at org.apache.shiro.web.servlet.ProxiedFilterChain.doFilter(ProxiedFilterChain.java:66)
	at org.apache.shiro.web.servlet.AbstractShiroFilter.executeChain(AbstractShiroFilter.java:449)
	at org.apache.shiro.web.servlet.AbstractShiroFilter$1.call(AbstractShiroFilter.java:365)
	at org.apache.shiro.subject.support.SubjectCallable.doCall(SubjectCallable.java:90)
	at org.apache.shiro.subject.support.SubjectCallable.call(SubjectCallable.java:83)
	at org.apache.shiro.subject.support.DelegatingSubject.execute(DelegatingSubject.java:383)
	at org.apache.shiro.web.servlet.AbstractShiroFilter.doFilterInternal(AbstractShiroFilter.java:362)
	at org.apache.shiro.web.servlet.OncePerRequestFilter.doFilter(OncePerRequestFilter.java:125)
	at org.springframework.web.filter.DelegatingFilterProxy.invokeDelegate(DelegatingFilterProxy.java:346)
	at org.springframework.web.filter.DelegatingFilterProxy.doFilter(DelegatingFilterProxy.java:262)
	at org.eclipse.jetty.servlet.ServletHandler$CachedChain.doFilter(ServletHandler.java:1652)
	at org.eclipse.jetty.websocket.server.WebSocketUpgradeFilter.doFilter(WebSocketUpgradeFilter.java:224)
	at org.eclipse.jetty.servlet.ServletHandler$CachedChain.doFilter(ServletHandler.java:1652)
	at org.eclipse.jetty.servlet.ServletHandler.doHandle(ServletHandler.java:585)
	at org.eclipse.jetty.server.handler.ScopedHandler.handle(ScopedHandler.java:143)
	at org.eclipse.jetty.security.SecurityHandler.handle(SecurityHandler.java:577)
	at org.eclipse.jetty.server.session.SessionHandler.doHandle(SessionHandler.java:223)
	at org.eclipse.jetty.server.handler.ContextHandler.doHandle(ContextHandler.java:1127)
	at org.eclipse.jetty.servlet.ServletHandler.doScope(ServletHandler.java:515)
	at org.eclipse.jetty.server.session.SessionHandler.doScope(SessionHandler.java:185)
	at org.eclipse.jetty.server.handler.ContextHandler.doScope(ContextHandler.java:1061)
	at org.eclipse.jetty.server.handler.ScopedHandler.handle(ScopedHandler.java:141)
	at org.eclipse.jetty.server.handler.ContextHandlerCollection.handle(ContextHandlerCollection.java:215)
	at org.eclipse.jetty.server.handler.HandlerCollection.handle(HandlerCollection.java:110)
	at org.eclipse.jetty.server.handler.HandlerWrapper.handle(HandlerWrapper.java:97)
	at org.eclipse.jetty.server.Server.handle(Server.java:497)
	at org.eclipse.jetty.server.HttpChannel.handle(HttpChannel.java:310)
	at org.eclipse.jetty.server.HttpConnection.onFillable(HttpConnection.java:257)
	at org.eclipse.jetty.io.AbstractConnection$2.run(AbstractConnection.java:540)
	at org.eclipse.jetty.util.thread.QueuedThreadPool.runJob(QueuedThreadPool.java:635)
	at org.eclipse.jetty.util.thread.QueuedThreadPool$3.run(QueuedThreadPool.java:555)
	at java.lang.Thread.run(Thread.java:745)
2017-05-17 09:16:34 [INFO] [登录成功] [com.framework.module.member.service.MemberService.login():135]
2017-05-17 09:16:34 [INFO] [create JWT succeeded!] [com.framework.module.common.security.jwt.JWTUtils.encryptJWT():98]
2017-05-17 09:16:34 [INFO] [JWT validation succeeded!] [com.framework.module.common.security.jwt.JWTUtils.decryptJWT():126]
2017-05-17 09:16:34 [INFO] [JWT validation succeeded!] [com.framework.module.common.security.jwt.JWTUtils.decryptJWT():126]
2017-05-17 09:16:34 [INFO] [create JWT succeeded!] [com.framework.module.common.security.jwt.JWTUtils.encryptJWT():98]
2017-05-17 09:16:34 [INFO] [create JWT succeeded!] [com.framework.module.common.security.jwt.JWTUtils.encryptJWT():98]
2017-05-17 09:32:50 [INFO] [登录成功] [com.framework.module.member.service.MemberService.login():135]
2017-05-17 09:32:50 [INFO] [create JWT succeeded!] [com.framework.module.common.security.jwt.JWTUtils.encryptJWT():98]
2017-05-17 09:32:50 [INFO] [JWT validation succeeded!] [com.framework.module.common.security.jwt.JWTUtils.decryptJWT():126]
2017-05-17 09:32:50 [INFO] [JWT validation succeeded!] [com.framework.module.common.security.jwt.JWTUtils.decryptJWT():126]
2017-05-17 09:32:51 [INFO] [create JWT succeeded!] [com.framework.module.common.security.jwt.JWTUtils.encryptJWT():98]
2017-05-17 09:32:51 [INFO] [create JWT succeeded!] [com.framework.module.common.security.jwt.JWTUtils.encryptJWT():98]
2017-05-17 09:36:32 [ERROR] [The token is invalid] [com.framework.module.common.security.jwt.JWTRealm.doGetAuthenticationInfo():66]
org.jose4j.jwt.consumer.InvalidJwtException: JWT (claims->{"iss":"Issuer","aud":"Audience","exp":1494984830,"jti":"QmZ6TCabG0k6eQzRFgZUBw","iat":1494984770,"nbf":1494984650,"sub":"{\"userName\":\"13512789001\",\"attributes\":null}"}) rejected due to invalid claims. Additional details: [The JWT is no longer valid - the evaluation time NumericDate{1494984992 -> 2017-5-17 上午09时36分32秒} is on or after the Expiration Time (exp=NumericDate{1494984830 -> 2017-5-17 上午09时33分50秒}) claim value (even when providing 30 seconds of leeway to account for clock skew).]
	at org.jose4j.jwt.consumer.JwtConsumer.validate(JwtConsumer.java:426)
	at org.jose4j.jwt.consumer.JwtConsumer.processContext(JwtConsumer.java:277)
	at org.jose4j.jwt.consumer.JwtConsumer.process(JwtConsumer.java:395)
	at org.jose4j.jwt.consumer.JwtConsumer.processToClaims(JwtConsumer.java:155)
	at com.framework.module.common.security.jwt.JWTUtils.decryptJWT(JWTUtils.java:124)
	at com.framework.module.common.security.jwt.JWTRealm.doGetAuthenticationInfo(JWTRealm.java:58)
	at org.apache.shiro.realm.AuthenticatingRealm.getAuthenticationInfo(AuthenticatingRealm.java:568)
	at org.apache.shiro.authc.pam.ModularRealmAuthenticator.doMultiRealmAuthentication(ModularRealmAuthenticator.java:219)
	at org.apache.shiro.authc.pam.ModularRealmAuthenticator.doAuthenticate(ModularRealmAuthenticator.java:269)
	at org.apache.shiro.authc.AbstractAuthenticator.authenticate(AbstractAuthenticator.java:198)
	at org.apache.shiro.mgt.AuthenticatingSecurityManager.authenticate(AuthenticatingSecurityManager.java:106)
	at org.apache.shiro.mgt.DefaultSecurityManager.login(DefaultSecurityManager.java:270)
	at org.apache.shiro.subject.support.DelegatingSubject.login(DelegatingSubject.java:256)
	at org.apache.shiro.web.filter.authc.AuthenticatingFilter.executeLogin(AuthenticatingFilter.java:53)
	at com.framework.module.common.security.jwt.JWTAuthenticationFilter.onAccessDenied(JWTAuthenticationFilter.java:57)
	at org.apache.shiro.web.filter.AccessControlFilter.onAccessDenied(AccessControlFilter.java:133)
	at org.apache.shiro.web.filter.AccessControlFilter.onPreHandle(AccessControlFilter.java:162)
	at org.apache.shiro.web.filter.PathMatchingFilter.isFilterChainContinued(PathMatchingFilter.java:203)
	at org.apache.shiro.web.filter.PathMatchingFilter.preHandle(PathMatchingFilter.java:178)
	at org.apache.shiro.web.servlet.AdviceFilter.doFilterInternal(AdviceFilter.java:131)
	at org.apache.shiro.web.servlet.OncePerRequestFilter.doFilter(OncePerRequestFilter.java:125)
	at org.apache.shiro.web.servlet.ProxiedFilterChain.doFilter(ProxiedFilterChain.java:66)
	at org.apache.shiro.web.servlet.AbstractShiroFilter.executeChain(AbstractShiroFilter.java:449)
	at org.apache.shiro.web.servlet.AbstractShiroFilter$1.call(AbstractShiroFilter.java:365)
	at org.apache.shiro.subject.support.SubjectCallable.doCall(SubjectCallable.java:90)
	at org.apache.shiro.subject.support.SubjectCallable.call(SubjectCallable.java:83)
	at org.apache.shiro.subject.support.DelegatingSubject.execute(DelegatingSubject.java:383)
	at org.apache.shiro.web.servlet.AbstractShiroFilter.doFilterInternal(AbstractShiroFilter.java:362)
	at org.apache.shiro.web.servlet.OncePerRequestFilter.doFilter(OncePerRequestFilter.java:125)
	at org.springframework.web.filter.DelegatingFilterProxy.invokeDelegate(DelegatingFilterProxy.java:346)
	at org.springframework.web.filter.DelegatingFilterProxy.doFilter(DelegatingFilterProxy.java:262)
	at org.eclipse.jetty.servlet.ServletHandler$CachedChain.doFilter(ServletHandler.java:1652)
	at org.eclipse.jetty.websocket.server.WebSocketUpgradeFilter.doFilter(WebSocketUpgradeFilter.java:224)
	at org.eclipse.jetty.servlet.ServletHandler$CachedChain.doFilter(ServletHandler.java:1652)
	at org.eclipse.jetty.servlet.ServletHandler.doHandle(ServletHandler.java:585)
	at org.eclipse.jetty.server.handler.ScopedHandler.handle(ScopedHandler.java:143)
	at org.eclipse.jetty.security.SecurityHandler.handle(SecurityHandler.java:577)
	at org.eclipse.jetty.server.session.SessionHandler.doHandle(SessionHandler.java:223)
	at org.eclipse.jetty.server.handler.ContextHandler.doHandle(ContextHandler.java:1127)
	at org.eclipse.jetty.servlet.ServletHandler.doScope(ServletHandler.java:515)
	at org.eclipse.jetty.server.session.SessionHandler.doScope(SessionHandler.java:185)
	at org.eclipse.jetty.server.handler.ContextHandler.doScope(ContextHandler.java:1061)
	at org.eclipse.jetty.server.handler.ScopedHandler.handle(ScopedHandler.java:141)
	at org.eclipse.jetty.server.handler.ContextHandlerCollection.handle(ContextHandlerCollection.java:215)
	at org.eclipse.jetty.server.handler.HandlerCollection.handle(HandlerCollection.java:110)
	at org.eclipse.jetty.server.handler.HandlerWrapper.handle(HandlerWrapper.java:97)
	at org.eclipse.jetty.server.Server.handle(Server.java:497)
	at org.eclipse.jetty.server.HttpChannel.handle(HttpChannel.java:310)
	at org.eclipse.jetty.server.HttpConnection.onFillable(HttpConnection.java:257)
	at org.eclipse.jetty.io.AbstractConnection$2.run(AbstractConnection.java:540)
	at org.eclipse.jetty.util.thread.QueuedThreadPool.runJob(QueuedThreadPool.java:635)
	at org.eclipse.jetty.util.thread.QueuedThreadPool$3.run(QueuedThreadPool.java:555)
	at java.lang.Thread.run(Thread.java:745)
2017-05-17 09:36:32 [ERROR] [The token is invalid] [com.framework.module.common.security.jwt.JWTRealm.doGetAuthenticationInfo():66]
org.jose4j.jwt.consumer.InvalidJwtException: JWT (claims->{"iss":"Issuer","aud":"Audience","exp":1494984830,"jti":"QmZ6TCabG0k6eQzRFgZUBw","iat":1494984770,"nbf":1494984650,"sub":"{\"userName\":\"13512789001\",\"attributes\":null}"}) rejected due to invalid claims. Additional details: [The JWT is no longer valid - the evaluation time NumericDate{1494984992 -> 2017-5-17 上午09时36分32秒} is on or after the Expiration Time (exp=NumericDate{1494984830 -> 2017-5-17 上午09时33分50秒}) claim value (even when providing 30 seconds of leeway to account for clock skew).]
	at org.jose4j.jwt.consumer.JwtConsumer.validate(JwtConsumer.java:426)
	at org.jose4j.jwt.consumer.JwtConsumer.processContext(JwtConsumer.java:277)
	at org.jose4j.jwt.consumer.JwtConsumer.process(JwtConsumer.java:395)
	at org.jose4j.jwt.consumer.JwtConsumer.processToClaims(JwtConsumer.java:155)
	at com.framework.module.common.security.jwt.JWTUtils.decryptJWT(JWTUtils.java:124)
	at com.framework.module.common.security.jwt.JWTRealm.doGetAuthenticationInfo(JWTRealm.java:58)
	at org.apache.shiro.realm.AuthenticatingRealm.getAuthenticationInfo(AuthenticatingRealm.java:568)
	at org.apache.shiro.authc.pam.ModularRealmAuthenticator.doMultiRealmAuthentication(ModularRealmAuthenticator.java:219)
	at org.apache.shiro.authc.pam.ModularRealmAuthenticator.doAuthenticate(ModularRealmAuthenticator.java:269)
	at org.apache.shiro.authc.AbstractAuthenticator.authenticate(AbstractAuthenticator.java:198)
	at org.apache.shiro.mgt.AuthenticatingSecurityManager.authenticate(AuthenticatingSecurityManager.java:106)
	at org.apache.shiro.mgt.DefaultSecurityManager.login(DefaultSecurityManager.java:270)
	at org.apache.shiro.subject.support.DelegatingSubject.login(DelegatingSubject.java:256)
	at org.apache.shiro.web.filter.authc.AuthenticatingFilter.executeLogin(AuthenticatingFilter.java:53)
	at com.framework.module.common.security.jwt.JWTAuthenticationFilter.onAccessDenied(JWTAuthenticationFilter.java:57)
	at org.apache.shiro.web.filter.AccessControlFilter.onAccessDenied(AccessControlFilter.java:133)
	at org.apache.shiro.web.filter.AccessControlFilter.onPreHandle(AccessControlFilter.java:162)
	at org.apache.shiro.web.filter.PathMatchingFilter.isFilterChainContinued(PathMatchingFilter.java:203)
	at org.apache.shiro.web.filter.PathMatchingFilter.preHandle(PathMatchingFilter.java:178)
	at org.apache.shiro.web.servlet.AdviceFilter.doFilterInternal(AdviceFilter.java:131)
	at org.apache.shiro.web.servlet.OncePerRequestFilter.doFilter(OncePerRequestFilter.java:125)
	at org.apache.shiro.web.servlet.ProxiedFilterChain.doFilter(ProxiedFilterChain.java:66)
	at org.apache.shiro.web.servlet.AbstractShiroFilter.executeChain(AbstractShiroFilter.java:449)
	at org.apache.shiro.web.servlet.AbstractShiroFilter$1.call(AbstractShiroFilter.java:365)
	at org.apache.shiro.subject.support.SubjectCallable.doCall(SubjectCallable.java:90)
	at org.apache.shiro.subject.support.SubjectCallable.call(SubjectCallable.java:83)
	at org.apache.shiro.subject.support.DelegatingSubject.execute(DelegatingSubject.java:383)
	at org.apache.shiro.web.servlet.AbstractShiroFilter.doFilterInternal(AbstractShiroFilter.java:362)
	at org.apache.shiro.web.servlet.OncePerRequestFilter.doFilter(OncePerRequestFilter.java:125)
	at org.springframework.web.filter.DelegatingFilterProxy.invokeDelegate(DelegatingFilterProxy.java:346)
	at org.springframework.web.filter.DelegatingFilterProxy.doFilter(DelegatingFilterProxy.java:262)
	at org.eclipse.jetty.servlet.ServletHandler$CachedChain.doFilter(ServletHandler.java:1652)
	at org.eclipse.jetty.websocket.server.WebSocketUpgradeFilter.doFilter(WebSocketUpgradeFilter.java:224)
	at org.eclipse.jetty.servlet.ServletHandler$CachedChain.doFilter(ServletHandler.java:1652)
	at org.eclipse.jetty.servlet.ServletHandler.doHandle(ServletHandler.java:585)
	at org.eclipse.jetty.server.handler.ScopedHandler.handle(ScopedHandler.java:143)
	at org.eclipse.jetty.security.SecurityHandler.handle(SecurityHandler.java:577)
	at org.eclipse.jetty.server.session.SessionHandler.doHandle(SessionHandler.java:223)
	at org.eclipse.jetty.server.handler.ContextHandler.doHandle(ContextHandler.java:1127)
	at org.eclipse.jetty.servlet.ServletHandler.doScope(ServletHandler.java:515)
	at org.eclipse.jetty.server.session.SessionHandler.doScope(SessionHandler.java:185)
	at org.eclipse.jetty.server.handler.ContextHandler.doScope(ContextHandler.java:1061)
	at org.eclipse.jetty.server.handler.ScopedHandler.handle(ScopedHandler.java:141)
	at org.eclipse.jetty.server.handler.ContextHandlerCollection.handle(ContextHandlerCollection.java:215)
	at org.eclipse.jetty.server.handler.HandlerCollection.handle(HandlerCollection.java:110)
	at org.eclipse.jetty.server.handler.HandlerWrapper.handle(HandlerWrapper.java:97)
	at org.eclipse.jetty.server.Server.handle(Server.java:497)
	at org.eclipse.jetty.server.HttpChannel.handle(HttpChannel.java:310)
	at org.eclipse.jetty.server.HttpConnection.onFillable(HttpConnection.java:257)
	at org.eclipse.jetty.io.AbstractConnection$2.run(AbstractConnection.java:540)
	at org.eclipse.jetty.util.thread.QueuedThreadPool.runJob(QueuedThreadPool.java:635)
	at org.eclipse.jetty.util.thread.QueuedThreadPool$3.run(QueuedThreadPool.java:555)
	at java.lang.Thread.run(Thread.java:745)
2017-05-17 10:08:53 [INFO] [登录成功] [com.framework.module.member.service.MemberService.login():135]
2017-05-17 10:08:53 [INFO] [create JWT succeeded!] [com.framework.module.common.security.jwt.JWTUtils.encryptJWT():98]
2017-05-17 10:08:53 [INFO] [JWT validation succeeded!] [com.framework.module.common.security.jwt.JWTUtils.decryptJWT():126]
2017-05-17 10:08:53 [INFO] [JWT validation succeeded!] [com.framework.module.common.security.jwt.JWTUtils.decryptJWT():126]
2017-05-17 10:08:53 [INFO] [create JWT succeeded!] [com.framework.module.common.security.jwt.JWTUtils.encryptJWT():98]
2017-05-17 10:08:53 [INFO] [create JWT succeeded!] [com.framework.module.common.security.jwt.JWTUtils.encryptJWT():98]
2017-05-17 10:20:34 [ERROR] [The token is invalid] [com.framework.module.common.security.jwt.JWTRealm.doGetAuthenticationInfo():66]
org.jose4j.jwt.consumer.InvalidJwtException: JWT (claims->{"iss":"Issuer","aud":"Audience","exp":1494986993,"jti":"ktwNnq6ugXPsjU6MA0bu5A","iat":1494986933,"nbf":1494986813,"sub":"{\"userName\":\"13512789001\",\"attributes\":null}"}) rejected due to invalid claims. Additional details: [The JWT is no longer valid - the evaluation time NumericDate{1494987634 -> 2017-5-17 上午10时20分34秒} is on or after the Expiration Time (exp=NumericDate{1494986993 -> 2017-5-17 上午10时09分53秒}) claim value (even when providing 30 seconds of leeway to account for clock skew).]
	at org.jose4j.jwt.consumer.JwtConsumer.validate(JwtConsumer.java:426)
	at org.jose4j.jwt.consumer.JwtConsumer.processContext(JwtConsumer.java:277)
	at org.jose4j.jwt.consumer.JwtConsumer.process(JwtConsumer.java:395)
	at org.jose4j.jwt.consumer.JwtConsumer.processToClaims(JwtConsumer.java:155)
	at com.framework.module.common.security.jwt.JWTUtils.decryptJWT(JWTUtils.java:124)
	at com.framework.module.common.security.jwt.JWTRealm.doGetAuthenticationInfo(JWTRealm.java:58)
	at org.apache.shiro.realm.AuthenticatingRealm.getAuthenticationInfo(AuthenticatingRealm.java:568)
	at org.apache.shiro.authc.pam.ModularRealmAuthenticator.doMultiRealmAuthentication(ModularRealmAuthenticator.java:219)
	at org.apache.shiro.authc.pam.ModularRealmAuthenticator.doAuthenticate(ModularRealmAuthenticator.java:269)
	at org.apache.shiro.authc.AbstractAuthenticator.authenticate(AbstractAuthenticator.java:198)
	at org.apache.shiro.mgt.AuthenticatingSecurityManager.authenticate(AuthenticatingSecurityManager.java:106)
	at org.apache.shiro.mgt.DefaultSecurityManager.login(DefaultSecurityManager.java:270)
	at org.apache.shiro.subject.support.DelegatingSubject.login(DelegatingSubject.java:256)
	at org.apache.shiro.web.filter.authc.AuthenticatingFilter.executeLogin(AuthenticatingFilter.java:53)
	at com.framework.module.common.security.jwt.JWTAuthenticationFilter.onAccessDenied(JWTAuthenticationFilter.java:57)
	at org.apache.shiro.web.filter.AccessControlFilter.onAccessDenied(AccessControlFilter.java:133)
	at org.apache.shiro.web.filter.AccessControlFilter.onPreHandle(AccessControlFilter.java:162)
	at org.apache.shiro.web.filter.PathMatchingFilter.isFilterChainContinued(PathMatchingFilter.java:203)
	at org.apache.shiro.web.filter.PathMatchingFilter.preHandle(PathMatchingFilter.java:178)
	at org.apache.shiro.web.servlet.AdviceFilter.doFilterInternal(AdviceFilter.java:131)
	at org.apache.shiro.web.servlet.OncePerRequestFilter.doFilter(OncePerRequestFilter.java:125)
	at org.apache.shiro.web.servlet.ProxiedFilterChain.doFilter(ProxiedFilterChain.java:66)
	at org.apache.shiro.web.servlet.AbstractShiroFilter.executeChain(AbstractShiroFilter.java:449)
	at org.apache.shiro.web.servlet.AbstractShiroFilter$1.call(AbstractShiroFilter.java:365)
	at org.apache.shiro.subject.support.SubjectCallable.doCall(SubjectCallable.java:90)
	at org.apache.shiro.subject.support.SubjectCallable.call(SubjectCallable.java:83)
	at org.apache.shiro.subject.support.DelegatingSubject.execute(DelegatingSubject.java:383)
	at org.apache.shiro.web.servlet.AbstractShiroFilter.doFilterInternal(AbstractShiroFilter.java:362)
	at org.apache.shiro.web.servlet.OncePerRequestFilter.doFilter(OncePerRequestFilter.java:125)
	at org.springframework.web.filter.DelegatingFilterProxy.invokeDelegate(DelegatingFilterProxy.java:346)
	at org.springframework.web.filter.DelegatingFilterProxy.doFilter(DelegatingFilterProxy.java:262)
	at org.eclipse.jetty.servlet.ServletHandler$CachedChain.doFilter(ServletHandler.java:1652)
	at org.eclipse.jetty.websocket.server.WebSocketUpgradeFilter.doFilter(WebSocketUpgradeFilter.java:224)
	at org.eclipse.jetty.servlet.ServletHandler$CachedChain.doFilter(ServletHandler.java:1652)
	at org.eclipse.jetty.servlet.ServletHandler.doHandle(ServletHandler.java:585)
	at org.eclipse.jetty.server.handler.ScopedHandler.handle(ScopedHandler.java:143)
	at org.eclipse.jetty.security.SecurityHandler.handle(SecurityHandler.java:577)
	at org.eclipse.jetty.server.session.SessionHandler.doHandle(SessionHandler.java:223)
	at org.eclipse.jetty.server.handler.ContextHandler.doHandle(ContextHandler.java:1127)
	at org.eclipse.jetty.servlet.ServletHandler.doScope(ServletHandler.java:515)
	at org.eclipse.jetty.server.session.SessionHandler.doScope(SessionHandler.java:185)
	at org.eclipse.jetty.server.handler.ContextHandler.doScope(ContextHandler.java:1061)
	at org.eclipse.jetty.server.handler.ScopedHandler.handle(ScopedHandler.java:141)
	at org.eclipse.jetty.server.handler.ContextHandlerCollection.handle(ContextHandlerCollection.java:215)
	at org.eclipse.jetty.server.handler.HandlerCollection.handle(HandlerCollection.java:110)
	at org.eclipse.jetty.server.handler.HandlerWrapper.handle(HandlerWrapper.java:97)
	at org.eclipse.jetty.server.Server.handle(Server.java:497)
	at org.eclipse.jetty.server.HttpChannel.handle(HttpChannel.java:310)
	at org.eclipse.jetty.server.HttpConnection.onFillable(HttpConnection.java:257)
	at org.eclipse.jetty.io.AbstractConnection$2.run(AbstractConnection.java:540)
	at org.eclipse.jetty.util.thread.QueuedThreadPool.runJob(QueuedThreadPool.java:635)
	at org.eclipse.jetty.util.thread.QueuedThreadPool$3.run(QueuedThreadPool.java:555)
	at java.lang.Thread.run(Thread.java:745)
2017-05-17 10:20:34 [ERROR] [The token is invalid] [com.framework.module.common.security.jwt.JWTRealm.doGetAuthenticationInfo():66]
org.jose4j.jwt.consumer.InvalidJwtException: JWT (claims->{"iss":"Issuer","aud":"Audience","exp":1494986993,"jti":"ktwNnq6ugXPsjU6MA0bu5A","iat":1494986933,"nbf":1494986813,"sub":"{\"userName\":\"13512789001\",\"attributes\":null}"}) rejected due to invalid claims. Additional details: [The JWT is no longer valid - the evaluation time NumericDate{1494987634 -> 2017-5-17 上午10时20分34秒} is on or after the Expiration Time (exp=NumericDate{1494986993 -> 2017-5-17 上午10时09分53秒}) claim value (even when providing 30 seconds of leeway to account for clock skew).]
	at org.jose4j.jwt.consumer.JwtConsumer.validate(JwtConsumer.java:426)
	at org.jose4j.jwt.consumer.JwtConsumer.processContext(JwtConsumer.java:277)
	at org.jose4j.jwt.consumer.JwtConsumer.process(JwtConsumer.java:395)
	at org.jose4j.jwt.consumer.JwtConsumer.processToClaims(JwtConsumer.java:155)
	at com.framework.module.common.security.jwt.JWTUtils.decryptJWT(JWTUtils.java:124)
	at com.framework.module.common.security.jwt.JWTRealm.doGetAuthenticationInfo(JWTRealm.java:58)
	at org.apache.shiro.realm.AuthenticatingRealm.getAuthenticationInfo(AuthenticatingRealm.java:568)
	at org.apache.shiro.authc.pam.ModularRealmAuthenticator.doMultiRealmAuthentication(ModularRealmAuthenticator.java:219)
	at org.apache.shiro.authc.pam.ModularRealmAuthenticator.doAuthenticate(ModularRealmAuthenticator.java:269)
	at org.apache.shiro.authc.AbstractAuthenticator.authenticate(AbstractAuthenticator.java:198)
	at org.apache.shiro.mgt.AuthenticatingSecurityManager.authenticate(AuthenticatingSecurityManager.java:106)
	at org.apache.shiro.mgt.DefaultSecurityManager.login(DefaultSecurityManager.java:270)
	at org.apache.shiro.subject.support.DelegatingSubject.login(DelegatingSubject.java:256)
	at org.apache.shiro.web.filter.authc.AuthenticatingFilter.executeLogin(AuthenticatingFilter.java:53)
	at com.framework.module.common.security.jwt.JWTAuthenticationFilter.onAccessDenied(JWTAuthenticationFilter.java:57)
	at org.apache.shiro.web.filter.AccessControlFilter.onAccessDenied(AccessControlFilter.java:133)
	at org.apache.shiro.web.filter.AccessControlFilter.onPreHandle(AccessControlFilter.java:162)
	at org.apache.shiro.web.filter.PathMatchingFilter.isFilterChainContinued(PathMatchingFilter.java:203)
	at org.apache.shiro.web.filter.PathMatchingFilter.preHandle(PathMatchingFilter.java:178)
	at org.apache.shiro.web.servlet.AdviceFilter.doFilterInternal(AdviceFilter.java:131)
	at org.apache.shiro.web.servlet.OncePerRequestFilter.doFilter(OncePerRequestFilter.java:125)
	at org.apache.shiro.web.servlet.ProxiedFilterChain.doFilter(ProxiedFilterChain.java:66)
	at org.apache.shiro.web.servlet.AbstractShiroFilter.executeChain(AbstractShiroFilter.java:449)
	at org.apache.shiro.web.servlet.AbstractShiroFilter$1.call(AbstractShiroFilter.java:365)
	at org.apache.shiro.subject.support.SubjectCallable.doCall(SubjectCallable.java:90)
	at org.apache.shiro.subject.support.SubjectCallable.call(SubjectCallable.java:83)
	at org.apache.shiro.subject.support.DelegatingSubject.execute(DelegatingSubject.java:383)
	at org.apache.shiro.web.servlet.AbstractShiroFilter.doFilterInternal(AbstractShiroFilter.java:362)
	at org.apache.shiro.web.servlet.OncePerRequestFilter.doFilter(OncePerRequestFilter.java:125)
	at org.springframework.web.filter.DelegatingFilterProxy.invokeDelegate(DelegatingFilterProxy.java:346)
	at org.springframework.web.filter.DelegatingFilterProxy.doFilter(DelegatingFilterProxy.java:262)
	at org.eclipse.jetty.servlet.ServletHandler$CachedChain.doFilter(ServletHandler.java:1652)
	at org.eclipse.jetty.websocket.server.WebSocketUpgradeFilter.doFilter(WebSocketUpgradeFilter.java:224)
	at org.eclipse.jetty.servlet.ServletHandler$CachedChain.doFilter(ServletHandler.java:1652)
	at org.eclipse.jetty.servlet.ServletHandler.doHandle(ServletHandler.java:585)
	at org.eclipse.jetty.server.handler.ScopedHandler.handle(ScopedHandler.java:143)
	at org.eclipse.jetty.security.SecurityHandler.handle(SecurityHandler.java:577)
	at org.eclipse.jetty.server.session.SessionHandler.doHandle(SessionHandler.java:223)
	at org.eclipse.jetty.server.handler.ContextHandler.doHandle(ContextHandler.java:1127)
	at org.eclipse.jetty.servlet.ServletHandler.doScope(ServletHandler.java:515)
	at org.eclipse.jetty.server.session.SessionHandler.doScope(SessionHandler.java:185)
	at org.eclipse.jetty.server.handler.ContextHandler.doScope(ContextHandler.java:1061)
	at org.eclipse.jetty.server.handler.ScopedHandler.handle(ScopedHandler.java:141)
	at org.eclipse.jetty.server.handler.ContextHandlerCollection.handle(ContextHandlerCollection.java:215)
	at org.eclipse.jetty.server.handler.HandlerCollection.handle(HandlerCollection.java:110)
	at org.eclipse.jetty.server.handler.HandlerWrapper.handle(HandlerWrapper.java:97)
	at org.eclipse.jetty.server.Server.handle(Server.java:497)
	at org.eclipse.jetty.server.HttpChannel.handle(HttpChannel.java:310)
	at org.eclipse.jetty.server.HttpConnection.onFillable(HttpConnection.java:257)
	at org.eclipse.jetty.io.AbstractConnection$2.run(AbstractConnection.java:540)
	at org.eclipse.jetty.util.thread.QueuedThreadPool.runJob(QueuedThreadPool.java:635)
	at org.eclipse.jetty.util.thread.QueuedThreadPool$3.run(QueuedThreadPool.java:555)
	at java.lang.Thread.run(Thread.java:745)
2017-05-17 10:40:40 [INFO] [登录成功] [com.framework.module.member.service.MemberService.login():135]
2017-05-17 10:40:40 [INFO] [create JWT succeeded!] [com.framework.module.common.security.jwt.JWTUtils.encryptJWT():98]
2017-05-17 10:40:40 [INFO] [JWT validation succeeded!] [com.framework.module.common.security.jwt.JWTUtils.decryptJWT():126]
2017-05-17 10:40:40 [INFO] [JWT validation succeeded!] [com.framework.module.common.security.jwt.JWTUtils.decryptJWT():126]
2017-05-17 10:40:40 [INFO] [create JWT succeeded!] [com.framework.module.common.security.jwt.JWTUtils.encryptJWT():98]
2017-05-17 10:40:40 [INFO] [create JWT succeeded!] [com.framework.module.common.security.jwt.JWTUtils.encryptJWT():98]
2017-05-17 10:40:41 [INFO] [JWT validation succeeded!] [com.framework.module.common.security.jwt.JWTUtils.decryptJWT():126]
2017-05-17 10:40:41 [INFO] [create JWT succeeded!] [com.framework.module.common.security.jwt.JWTUtils.encryptJWT():98]
2017-05-17 10:40:41 [INFO] [退出成功] [com.framework.module.member.service.MemberService.logout():152]
2017-05-17 10:40:45 [INFO] [登录成功] [com.framework.module.member.service.MemberService.login():135]
2017-05-17 10:40:45 [INFO] [create JWT succeeded!] [com.framework.module.common.security.jwt.JWTUtils.encryptJWT():98]
2017-05-17 10:40:45 [INFO] [JWT validation succeeded!] [com.framework.module.common.security.jwt.JWTUtils.decryptJWT():126]
2017-05-17 10:40:45 [INFO] [JWT validation succeeded!] [com.framework.module.common.security.jwt.JWTUtils.decryptJWT():126]
2017-05-17 10:40:45 [INFO] [create JWT succeeded!] [com.framework.module.common.security.jwt.JWTUtils.encryptJWT():98]
2017-05-17 10:40:45 [INFO] [create JWT succeeded!] [com.framework.module.common.security.jwt.JWTUtils.encryptJWT():98]
2017-05-17 10:40:47 [INFO] [JWT validation succeeded!] [com.framework.module.common.security.jwt.JWTUtils.decryptJWT():126]
2017-05-17 10:40:47 [INFO] [create JWT succeeded!] [com.framework.module.common.security.jwt.JWTUtils.encryptJWT():98]
2017-05-17 10:40:47 [INFO] [退出成功] [com.framework.module.member.service.MemberService.logout():152]
2017-05-17 11:23:04 [INFO] [登录成功] [com.framework.module.member.service.MemberService.login():135]
2017-05-17 11:23:04 [INFO] [create JWT succeeded!] [com.framework.module.common.security.jwt.JWTUtils.encryptJWT():98]
2017-05-17 11:31:09 [INFO] [退出成功] [com.framework.module.member.service.MemberService.logout():152]
2017-05-17 11:34:21 [INFO] [登录成功] [com.framework.module.member.service.MemberService.login():135]
2017-05-17 11:34:21 [INFO] [create JWT succeeded!] [com.framework.module.common.security.jwt.JWTUtils.encryptJWT():98]
2017-05-17 11:34:23 [INFO] [登录成功] [com.framework.module.member.service.MemberService.login():135]
2017-05-17 11:34:23 [INFO] [create JWT succeeded!] [com.framework.module.common.security.jwt.JWTUtils.encryptJWT():98]
2017-05-17 11:34:24 [INFO] [登录成功] [com.framework.module.member.service.MemberService.login():135]
2017-05-17 11:34:24 [INFO] [create JWT succeeded!] [com.framework.module.common.security.jwt.JWTUtils.encryptJWT():98]
2017-05-17 11:34:25 [INFO] [登录成功] [com.framework.module.member.service.MemberService.login():135]
2017-05-17 11:34:25 [INFO] [create JWT succeeded!] [com.framework.module.common.security.jwt.JWTUtils.encryptJWT():98]
2017-05-17 11:34:30 [INFO] [登录成功] [com.framework.module.member.service.MemberService.login():135]
2017-05-17 11:34:30 [INFO] [create JWT succeeded!] [com.framework.module.common.security.jwt.JWTUtils.encryptJWT():98]
2017-05-17 11:34:33 [INFO] [登录成功] [com.framework.module.member.service.MemberService.login():135]
2017-05-17 11:34:33 [INFO] [create JWT succeeded!] [com.framework.module.common.security.jwt.JWTUtils.encryptJWT():98]
2017-05-17 11:34:33 [INFO] [登录成功] [com.framework.module.member.service.MemberService.login():135]
2017-05-17 11:34:33 [INFO] [create JWT succeeded!] [com.framework.module.common.security.jwt.JWTUtils.encryptJWT():98]
2017-05-17 11:34:34 [INFO] [登录成功] [com.framework.module.member.service.MemberService.login():135]
2017-05-17 11:34:34 [INFO] [create JWT succeeded!] [com.framework.module.common.security.jwt.JWTUtils.encryptJWT():98]
2017-05-17 11:34:35 [INFO] [登录成功] [com.framework.module.member.service.MemberService.login():135]
2017-05-17 11:34:35 [INFO] [create JWT succeeded!] [com.framework.module.common.security.jwt.JWTUtils.encryptJWT():98]
2017-05-17 11:34:35 [INFO] [登录成功] [com.framework.module.member.service.MemberService.login():135]
2017-05-17 11:34:35 [INFO] [create JWT succeeded!] [com.framework.module.common.security.jwt.JWTUtils.encryptJWT():98]
2017-05-17 11:34:40 [INFO] [登录成功] [com.framework.module.member.service.MemberService.login():135]
2017-05-17 11:34:40 [INFO] [create JWT succeeded!] [com.framework.module.common.security.jwt.JWTUtils.encryptJWT():98]
2017-05-17 11:34:59 [INFO] [登录成功] [com.framework.module.member.service.MemberService.login():135]
2017-05-17 11:34:59 [INFO] [create JWT succeeded!] [com.framework.module.common.security.jwt.JWTUtils.encryptJWT():98]
2017-05-17 11:40:18 [INFO] [登录成功] [com.framework.module.member.service.MemberService.login():135]
2017-05-17 11:40:18 [INFO] [create JWT succeeded!] [com.framework.module.common.security.jwt.JWTUtils.encryptJWT():98]
2017-05-17 11:40:18 [INFO] [JWT validation succeeded!] [com.framework.module.common.security.jwt.JWTUtils.decryptJWT():126]
2017-05-17 11:40:18 [INFO] [JWT validation succeeded!] [com.framework.module.common.security.jwt.JWTUtils.decryptJWT():126]
2017-05-17 11:40:18 [INFO] [create JWT succeeded!] [com.framework.module.common.security.jwt.JWTUtils.encryptJWT():98]
2017-05-17 11:40:18 [INFO] [create JWT succeeded!] [com.framework.module.common.security.jwt.JWTUtils.encryptJWT():98]
2017-05-17 11:40:46 [INFO] [JWT validation succeeded!] [com.framework.module.common.security.jwt.JWTUtils.decryptJWT():126]
2017-05-17 11:40:46 [INFO] [create JWT succeeded!] [com.framework.module.common.security.jwt.JWTUtils.encryptJWT():98]
2017-05-17 11:40:46 [INFO] [退出成功] [com.framework.module.member.service.MemberService.logout():152]
2017-05-17 11:40:50 [INFO] [登录成功] [com.framework.module.member.service.MemberService.login():135]
2017-05-17 11:40:50 [INFO] [create JWT succeeded!] [com.framework.module.common.security.jwt.JWTUtils.encryptJWT():98]
2017-05-17 11:40:50 [INFO] [JWT validation succeeded!] [com.framework.module.common.security.jwt.JWTUtils.decryptJWT():126]
2017-05-17 11:40:50 [INFO] [JWT validation succeeded!] [com.framework.module.common.security.jwt.JWTUtils.decryptJWT():126]
2017-05-17 11:40:50 [INFO] [create JWT succeeded!] [com.framework.module.common.security.jwt.JWTUtils.encryptJWT():98]
2017-05-17 11:40:50 [INFO] [create JWT succeeded!] [com.framework.module.common.security.jwt.JWTUtils.encryptJWT():98]
2017-05-17 11:43:45 [ERROR] [The token is invalid] [com.framework.module.common.security.jwt.JWTRealm.doGetAuthenticationInfo():66]
org.jose4j.jwt.consumer.InvalidJwtException: JWT (claims->{"iss":"Issuer","aud":"Audience","exp":1494992510,"jti":"Y9IBQy4zQG1AygAq3rFprA","iat":1494992450,"nbf":1494992330,"sub":"{\"userName\":\"13512789001\",\"attributes\":null}"}) rejected due to invalid claims. Additional details: [The JWT is no longer valid - the evaluation time NumericDate{1494992625 -> 2017-5-17 上午11时43分45秒} is on or after the Expiration Time (exp=NumericDate{1494992510 -> 2017-5-17 上午11时41分50秒}) claim value (even when providing 30 seconds of leeway to account for clock skew).]
	at org.jose4j.jwt.consumer.JwtConsumer.validate(JwtConsumer.java:426)
	at org.jose4j.jwt.consumer.JwtConsumer.processContext(JwtConsumer.java:277)
	at org.jose4j.jwt.consumer.JwtConsumer.process(JwtConsumer.java:395)
	at org.jose4j.jwt.consumer.JwtConsumer.processToClaims(JwtConsumer.java:155)
	at com.framework.module.common.security.jwt.JWTUtils.decryptJWT(JWTUtils.java:124)
	at com.framework.module.common.security.jwt.JWTRealm.doGetAuthenticationInfo(JWTRealm.java:58)
	at org.apache.shiro.realm.AuthenticatingRealm.getAuthenticationInfo(AuthenticatingRealm.java:568)
	at org.apache.shiro.authc.pam.ModularRealmAuthenticator.doMultiRealmAuthentication(ModularRealmAuthenticator.java:219)
	at org.apache.shiro.authc.pam.ModularRealmAuthenticator.doAuthenticate(ModularRealmAuthenticator.java:269)
	at org.apache.shiro.authc.AbstractAuthenticator.authenticate(AbstractAuthenticator.java:198)
	at org.apache.shiro.mgt.AuthenticatingSecurityManager.authenticate(AuthenticatingSecurityManager.java:106)
	at org.apache.shiro.mgt.DefaultSecurityManager.login(DefaultSecurityManager.java:270)
	at org.apache.shiro.subject.support.DelegatingSubject.login(DelegatingSubject.java:256)
	at org.apache.shiro.web.filter.authc.AuthenticatingFilter.executeLogin(AuthenticatingFilter.java:53)
	at com.framework.module.common.security.jwt.JWTAuthenticationFilter.onAccessDenied(JWTAuthenticationFilter.java:57)
	at org.apache.shiro.web.filter.AccessControlFilter.onAccessDenied(AccessControlFilter.java:133)
	at org.apache.shiro.web.filter.AccessControlFilter.onPreHandle(AccessControlFilter.java:162)
	at org.apache.shiro.web.filter.PathMatchingFilter.isFilterChainContinued(PathMatchingFilter.java:203)
	at org.apache.shiro.web.filter.PathMatchingFilter.preHandle(PathMatchingFilter.java:178)
	at org.apache.shiro.web.servlet.AdviceFilter.doFilterInternal(AdviceFilter.java:131)
	at org.apache.shiro.web.servlet.OncePerRequestFilter.doFilter(OncePerRequestFilter.java:125)
	at org.apache.shiro.web.servlet.ProxiedFilterChain.doFilter(ProxiedFilterChain.java:66)
	at org.apache.shiro.web.servlet.AbstractShiroFilter.executeChain(AbstractShiroFilter.java:449)
	at org.apache.shiro.web.servlet.AbstractShiroFilter$1.call(AbstractShiroFilter.java:365)
	at org.apache.shiro.subject.support.SubjectCallable.doCall(SubjectCallable.java:90)
	at org.apache.shiro.subject.support.SubjectCallable.call(SubjectCallable.java:83)
	at org.apache.shiro.subject.support.DelegatingSubject.execute(DelegatingSubject.java:383)
	at org.apache.shiro.web.servlet.AbstractShiroFilter.doFilterInternal(AbstractShiroFilter.java:362)
	at org.apache.shiro.web.servlet.OncePerRequestFilter.doFilter(OncePerRequestFilter.java:125)
	at org.springframework.web.filter.DelegatingFilterProxy.invokeDelegate(DelegatingFilterProxy.java:346)
	at org.springframework.web.filter.DelegatingFilterProxy.doFilter(DelegatingFilterProxy.java:262)
	at org.eclipse.jetty.servlet.ServletHandler$CachedChain.doFilter(ServletHandler.java:1652)
	at org.eclipse.jetty.websocket.server.WebSocketUpgradeFilter.doFilter(WebSocketUpgradeFilter.java:224)
	at org.eclipse.jetty.servlet.ServletHandler$CachedChain.doFilter(ServletHandler.java:1652)
	at org.eclipse.jetty.servlet.ServletHandler.doHandle(ServletHandler.java:585)
	at org.eclipse.jetty.server.handler.ScopedHandler.handle(ScopedHandler.java:143)
	at org.eclipse.jetty.security.SecurityHandler.handle(SecurityHandler.java:577)
	at org.eclipse.jetty.server.session.SessionHandler.doHandle(SessionHandler.java:223)
	at org.eclipse.jetty.server.handler.ContextHandler.doHandle(ContextHandler.java:1127)
	at org.eclipse.jetty.servlet.ServletHandler.doScope(ServletHandler.java:515)
	at org.eclipse.jetty.server.session.SessionHandler.doScope(SessionHandler.java:185)
	at org.eclipse.jetty.server.handler.ContextHandler.doScope(ContextHandler.java:1061)
	at org.eclipse.jetty.server.handler.ScopedHandler.handle(ScopedHandler.java:141)
	at org.eclipse.jetty.server.handler.ContextHandlerCollection.handle(ContextHandlerCollection.java:215)
	at org.eclipse.jetty.server.handler.HandlerCollection.handle(HandlerCollection.java:110)
	at org.eclipse.jetty.server.handler.HandlerWrapper.handle(HandlerWrapper.java:97)
	at org.eclipse.jetty.server.Server.handle(Server.java:497)
	at org.eclipse.jetty.server.HttpChannel.handle(HttpChannel.java:310)
	at org.eclipse.jetty.server.HttpConnection.onFillable(HttpConnection.java:257)
	at org.eclipse.jetty.io.AbstractConnection$2.run(AbstractConnection.java:540)
	at org.eclipse.jetty.util.thread.QueuedThreadPool.runJob(QueuedThreadPool.java:635)
	at org.eclipse.jetty.util.thread.QueuedThreadPool$3.run(QueuedThreadPool.java:555)
	at java.lang.Thread.run(Thread.java:745)
2017-05-17 11:43:45 [ERROR] [The token is invalid] [com.framework.module.common.security.jwt.JWTRealm.doGetAuthenticationInfo():66]
org.jose4j.jwt.consumer.InvalidJwtException: JWT (claims->{"iss":"Issuer","aud":"Audience","exp":1494992510,"jti":"Y9IBQy4zQG1AygAq3rFprA","iat":1494992450,"nbf":1494992330,"sub":"{\"userName\":\"13512789001\",\"attributes\":null}"}) rejected due to invalid claims. Additional details: [The JWT is no longer valid - the evaluation time NumericDate{1494992625 -> 2017-5-17 上午11时43分45秒} is on or after the Expiration Time (exp=NumericDate{1494992510 -> 2017-5-17 上午11时41分50秒}) claim value (even when providing 30 seconds of leeway to account for clock skew).]
	at org.jose4j.jwt.consumer.JwtConsumer.validate(JwtConsumer.java:426)
	at org.jose4j.jwt.consumer.JwtConsumer.processContext(JwtConsumer.java:277)
	at org.jose4j.jwt.consumer.JwtConsumer.process(JwtConsumer.java:395)
	at org.jose4j.jwt.consumer.JwtConsumer.processToClaims(JwtConsumer.java:155)
	at com.framework.module.common.security.jwt.JWTUtils.decryptJWT(JWTUtils.java:124)
	at com.framework.module.common.security.jwt.JWTRealm.doGetAuthenticationInfo(JWTRealm.java:58)
	at org.apache.shiro.realm.AuthenticatingRealm.getAuthenticationInfo(AuthenticatingRealm.java:568)
	at org.apache.shiro.authc.pam.ModularRealmAuthenticator.doMultiRealmAuthentication(ModularRealmAuthenticator.java:219)
	at org.apache.shiro.authc.pam.ModularRealmAuthenticator.doAuthenticate(ModularRealmAuthenticator.java:269)
	at org.apache.shiro.authc.AbstractAuthenticator.authenticate(AbstractAuthenticator.java:198)
	at org.apache.shiro.mgt.AuthenticatingSecurityManager.authenticate(AuthenticatingSecurityManager.java:106)
	at org.apache.shiro.mgt.DefaultSecurityManager.login(DefaultSecurityManager.java:270)
	at org.apache.shiro.subject.support.DelegatingSubject.login(DelegatingSubject.java:256)
	at org.apache.shiro.web.filter.authc.AuthenticatingFilter.executeLogin(AuthenticatingFilter.java:53)
	at com.framework.module.common.security.jwt.JWTAuthenticationFilter.onAccessDenied(JWTAuthenticationFilter.java:57)
	at org.apache.shiro.web.filter.AccessControlFilter.onAccessDenied(AccessControlFilter.java:133)
	at org.apache.shiro.web.filter.AccessControlFilter.onPreHandle(AccessControlFilter.java:162)
	at org.apache.shiro.web.filter.PathMatchingFilter.isFilterChainContinued(PathMatchingFilter.java:203)
	at org.apache.shiro.web.filter.PathMatchingFilter.preHandle(PathMatchingFilter.java:178)
	at org.apache.shiro.web.servlet.AdviceFilter.doFilterInternal(AdviceFilter.java:131)
	at org.apache.shiro.web.servlet.OncePerRequestFilter.doFilter(OncePerRequestFilter.java:125)
	at org.apache.shiro.web.servlet.ProxiedFilterChain.doFilter(ProxiedFilterChain.java:66)
	at org.apache.shiro.web.servlet.AbstractShiroFilter.executeChain(AbstractShiroFilter.java:449)
	at org.apache.shiro.web.servlet.AbstractShiroFilter$1.call(AbstractShiroFilter.java:365)
	at org.apache.shiro.subject.support.SubjectCallable.doCall(SubjectCallable.java:90)
	at org.apache.shiro.subject.support.SubjectCallable.call(SubjectCallable.java:83)
	at org.apache.shiro.subject.support.DelegatingSubject.execute(DelegatingSubject.java:383)
	at org.apache.shiro.web.servlet.AbstractShiroFilter.doFilterInternal(AbstractShiroFilter.java:362)
	at org.apache.shiro.web.servlet.OncePerRequestFilter.doFilter(OncePerRequestFilter.java:125)
	at org.springframework.web.filter.DelegatingFilterProxy.invokeDelegate(DelegatingFilterProxy.java:346)
	at org.springframework.web.filter.DelegatingFilterProxy.doFilter(DelegatingFilterProxy.java:262)
	at org.eclipse.jetty.servlet.ServletHandler$CachedChain.doFilter(ServletHandler.java:1652)
	at org.eclipse.jetty.websocket.server.WebSocketUpgradeFilter.doFilter(WebSocketUpgradeFilter.java:224)
	at org.eclipse.jetty.servlet.ServletHandler$CachedChain.doFilter(ServletHandler.java:1652)
	at org.eclipse.jetty.servlet.ServletHandler.doHandle(ServletHandler.java:585)
	at org.eclipse.jetty.server.handler.ScopedHandler.handle(ScopedHandler.java:143)
	at org.eclipse.jetty.security.SecurityHandler.handle(SecurityHandler.java:577)
	at org.eclipse.jetty.server.session.SessionHandler.doHandle(SessionHandler.java:223)
	at org.eclipse.jetty.server.handler.ContextHandler.doHandle(ContextHandler.java:1127)
	at org.eclipse.jetty.servlet.ServletHandler.doScope(ServletHandler.java:515)
	at org.eclipse.jetty.server.session.SessionHandler.doScope(SessionHandler.java:185)
	at org.eclipse.jetty.server.handler.ContextHandler.doScope(ContextHandler.java:1061)
	at org.eclipse.jetty.server.handler.ScopedHandler.handle(ScopedHandler.java:141)
	at org.eclipse.jetty.server.handler.ContextHandlerCollection.handle(ContextHandlerCollection.java:215)
	at org.eclipse.jetty.server.handler.HandlerCollection.handle(HandlerCollection.java:110)
	at org.eclipse.jetty.server.handler.HandlerWrapper.handle(HandlerWrapper.java:97)
	at org.eclipse.jetty.server.Server.handle(Server.java:497)
	at org.eclipse.jetty.server.HttpChannel.handle(HttpChannel.java:310)
	at org.eclipse.jetty.server.HttpConnection.onFillable(HttpConnection.java:257)
	at org.eclipse.jetty.io.AbstractConnection$2.run(AbstractConnection.java:540)
	at org.eclipse.jetty.util.thread.QueuedThreadPool.runJob(QueuedThreadPool.java:635)
	at org.eclipse.jetty.util.thread.QueuedThreadPool$3.run(QueuedThreadPool.java:555)
	at java.lang.Thread.run(Thread.java:745)
2017-05-18 09:36:25 [INFO] [---------- Log Initialized begin... ----------] [com.framework.module.common.startup.LogStartup.onApplicationEvent():33]
2017-05-18 09:36:25 [INFO] [---------- Log Initialized end ----------] [com.framework.module.common.startup.LogStartup.onApplicationEvent():37]
2017-05-18 09:36:25 [INFO] [---------- Lucene创建索引开始... ----------] [com.framework.module.common.startup.LuceneStartup.onApplicationEvent():41]
2017-05-18 09:36:25 [WARN] [---------- Lucene找不到需要创建索引的Entity ----------] [com.framework.module.common.startup.LuceneStartup.onApplicationEvent():47]
2017-05-18 09:37:43 [INFO] [登录成功] [com.framework.module.member.service.MemberService.login():135]
2017-05-18 09:37:43 [INFO] [create JWT succeeded!] [com.framework.module.common.security.jwt.JWTUtils.encryptJWT():98]
2017-05-18 09:37:43 [INFO] [JWT validation succeeded!] [com.framework.module.common.security.jwt.JWTUtils.decryptJWT():126]
2017-05-18 09:37:43 [INFO] [JWT validation succeeded!] [com.framework.module.common.security.jwt.JWTUtils.decryptJWT():126]
2017-05-18 09:37:43 [INFO] [create JWT succeeded!] [com.framework.module.common.security.jwt.JWTUtils.encryptJWT():98]
2017-05-18 09:37:43 [INFO] [create JWT succeeded!] [com.framework.module.common.security.jwt.JWTUtils.encryptJWT():98]
2017-05-18 09:38:15 [INFO] [JWT validation succeeded!] [com.framework.module.common.security.jwt.JWTUtils.decryptJWT():126]
2017-05-18 09:38:15 [INFO] [create JWT succeeded!] [com.framework.module.common.security.jwt.JWTUtils.encryptJWT():98]
2017-05-18 09:38:15 [INFO] [退出成功] [com.framework.module.member.service.MemberService.logout():152]
2017-05-18 09:38:19 [INFO] [登录成功] [com.framework.module.member.service.MemberService.login():135]
2017-05-18 09:38:19 [INFO] [create JWT succeeded!] [com.framework.module.common.security.jwt.JWTUtils.encryptJWT():98]
2017-05-18 09:38:19 [INFO] [JWT validation succeeded!] [com.framework.module.common.security.jwt.JWTUtils.decryptJWT():126]
2017-05-18 09:38:19 [INFO] [JWT validation succeeded!] [com.framework.module.common.security.jwt.JWTUtils.decryptJWT():126]
2017-05-18 09:38:19 [INFO] [create JWT succeeded!] [com.framework.module.common.security.jwt.JWTUtils.encryptJWT():98]
2017-05-18 09:38:19 [INFO] [create JWT succeeded!] [com.framework.module.common.security.jwt.JWTUtils.encryptJWT():98]
2017-05-18 09:53:50 [ERROR] [The token is invalid] [com.framework.module.common.security.jwt.JWTRealm.doGetAuthenticationInfo():66]
org.jose4j.jwt.consumer.InvalidJwtException: JWT (claims->{"iss":"Issuer","aud":"Audience","exp":1495071559,"jti":"Fqw6yS70B3V-s736RIpWtg","iat":1495071499,"nbf":1495071379,"sub":"{\"userName\":\"13512789001\",\"attributes\":null}"}) rejected due to invalid claims. Additional details: [The JWT is no longer valid - the evaluation time NumericDate{1495072430 -> 2017-5-18 上午09时53分50秒} is on or after the Expiration Time (exp=NumericDate{1495071559 -> 2017-5-18 上午09时39分19秒}) claim value (even when providing 30 seconds of leeway to account for clock skew).]
	at org.jose4j.jwt.consumer.JwtConsumer.validate(JwtConsumer.java:426)
	at org.jose4j.jwt.consumer.JwtConsumer.processContext(JwtConsumer.java:277)
	at org.jose4j.jwt.consumer.JwtConsumer.process(JwtConsumer.java:395)
	at org.jose4j.jwt.consumer.JwtConsumer.processToClaims(JwtConsumer.java:155)
	at com.framework.module.common.security.jwt.JWTUtils.decryptJWT(JWTUtils.java:124)
	at com.framework.module.common.security.jwt.JWTRealm.doGetAuthenticationInfo(JWTRealm.java:58)
	at org.apache.shiro.realm.AuthenticatingRealm.getAuthenticationInfo(AuthenticatingRealm.java:568)
	at org.apache.shiro.authc.pam.ModularRealmAuthenticator.doMultiRealmAuthentication(ModularRealmAuthenticator.java:219)
	at org.apache.shiro.authc.pam.ModularRealmAuthenticator.doAuthenticate(ModularRealmAuthenticator.java:269)
	at org.apache.shiro.authc.AbstractAuthenticator.authenticate(AbstractAuthenticator.java:198)
	at org.apache.shiro.mgt.AuthenticatingSecurityManager.authenticate(AuthenticatingSecurityManager.java:106)
	at org.apache.shiro.mgt.DefaultSecurityManager.login(DefaultSecurityManager.java:270)
	at org.apache.shiro.subject.support.DelegatingSubject.login(DelegatingSubject.java:256)
	at org.apache.shiro.web.filter.authc.AuthenticatingFilter.executeLogin(AuthenticatingFilter.java:53)
	at com.framework.module.common.security.jwt.JWTAuthenticationFilter.onAccessDenied(JWTAuthenticationFilter.java:57)
	at org.apache.shiro.web.filter.AccessControlFilter.onAccessDenied(AccessControlFilter.java:133)
	at org.apache.shiro.web.filter.AccessControlFilter.onPreHandle(AccessControlFilter.java:162)
	at org.apache.shiro.web.filter.PathMatchingFilter.isFilterChainContinued(PathMatchingFilter.java:203)
	at org.apache.shiro.web.filter.PathMatchingFilter.preHandle(PathMatchingFilter.java:178)
	at org.apache.shiro.web.servlet.AdviceFilter.doFilterInternal(AdviceFilter.java:131)
	at org.apache.shiro.web.servlet.OncePerRequestFilter.doFilter(OncePerRequestFilter.java:125)
	at org.apache.shiro.web.servlet.ProxiedFilterChain.doFilter(ProxiedFilterChain.java:66)
	at org.apache.shiro.web.servlet.AbstractShiroFilter.executeChain(AbstractShiroFilter.java:449)
	at org.apache.shiro.web.servlet.AbstractShiroFilter$1.call(AbstractShiroFilter.java:365)
	at org.apache.shiro.subject.support.SubjectCallable.doCall(SubjectCallable.java:90)
	at org.apache.shiro.subject.support.SubjectCallable.call(SubjectCallable.java:83)
	at org.apache.shiro.subject.support.DelegatingSubject.execute(DelegatingSubject.java:383)
	at org.apache.shiro.web.servlet.AbstractShiroFilter.doFilterInternal(AbstractShiroFilter.java:362)
	at org.apache.shiro.web.servlet.OncePerRequestFilter.doFilter(OncePerRequestFilter.java:125)
	at org.springframework.web.filter.DelegatingFilterProxy.invokeDelegate(DelegatingFilterProxy.java:346)
	at org.springframework.web.filter.DelegatingFilterProxy.doFilter(DelegatingFilterProxy.java:262)
	at org.eclipse.jetty.servlet.ServletHandler$CachedChain.doFilter(ServletHandler.java:1652)
	at org.eclipse.jetty.websocket.server.WebSocketUpgradeFilter.doFilter(WebSocketUpgradeFilter.java:224)
	at org.eclipse.jetty.servlet.ServletHandler$CachedChain.doFilter(ServletHandler.java:1652)
	at org.eclipse.jetty.servlet.ServletHandler.doHandle(ServletHandler.java:585)
	at org.eclipse.jetty.server.handler.ScopedHandler.handle(ScopedHandler.java:143)
	at org.eclipse.jetty.security.SecurityHandler.handle(SecurityHandler.java:577)
	at org.eclipse.jetty.server.session.SessionHandler.doHandle(SessionHandler.java:223)
	at org.eclipse.jetty.server.handler.ContextHandler.doHandle(ContextHandler.java:1127)
	at org.eclipse.jetty.servlet.ServletHandler.doScope(ServletHandler.java:515)
	at org.eclipse.jetty.server.session.SessionHandler.doScope(SessionHandler.java:185)
	at org.eclipse.jetty.server.handler.ContextHandler.doScope(ContextHandler.java:1061)
	at org.eclipse.jetty.server.handler.ScopedHandler.handle(ScopedHandler.java:141)
	at org.eclipse.jetty.server.handler.ContextHandlerCollection.handle(ContextHandlerCollection.java:215)
	at org.eclipse.jetty.server.handler.HandlerCollection.handle(HandlerCollection.java:110)
	at org.eclipse.jetty.server.handler.HandlerWrapper.handle(HandlerWrapper.java:97)
	at org.eclipse.jetty.server.Server.handle(Server.java:497)
	at org.eclipse.jetty.server.HttpChannel.handle(HttpChannel.java:310)
	at org.eclipse.jetty.server.HttpConnection.onFillable(HttpConnection.java:257)
	at org.eclipse.jetty.io.AbstractConnection$2.run(AbstractConnection.java:540)
	at org.eclipse.jetty.util.thread.QueuedThreadPool.runJob(QueuedThreadPool.java:635)
	at org.eclipse.jetty.util.thread.QueuedThreadPool$3.run(QueuedThreadPool.java:555)
	at java.lang.Thread.run(Thread.java:745)
2017-05-18 09:53:50 [ERROR] [The token is invalid] [com.framework.module.common.security.jwt.JWTRealm.doGetAuthenticationInfo():66]
org.jose4j.jwt.consumer.InvalidJwtException: JWT (claims->{"iss":"Issuer","aud":"Audience","exp":1495071559,"jti":"Fqw6yS70B3V-s736RIpWtg","iat":1495071499,"nbf":1495071379,"sub":"{\"userName\":\"13512789001\",\"attributes\":null}"}) rejected due to invalid claims. Additional details: [The JWT is no longer valid - the evaluation time NumericDate{1495072430 -> 2017-5-18 上午09时53分50秒} is on or after the Expiration Time (exp=NumericDate{1495071559 -> 2017-5-18 上午09时39分19秒}) claim value (even when providing 30 seconds of leeway to account for clock skew).]
	at org.jose4j.jwt.consumer.JwtConsumer.validate(JwtConsumer.java:426)
	at org.jose4j.jwt.consumer.JwtConsumer.processContext(JwtConsumer.java:277)
	at org.jose4j.jwt.consumer.JwtConsumer.process(JwtConsumer.java:395)
	at org.jose4j.jwt.consumer.JwtConsumer.processToClaims(JwtConsumer.java:155)
	at com.framework.module.common.security.jwt.JWTUtils.decryptJWT(JWTUtils.java:124)
	at com.framework.module.common.security.jwt.JWTRealm.doGetAuthenticationInfo(JWTRealm.java:58)
	at org.apache.shiro.realm.AuthenticatingRealm.getAuthenticationInfo(AuthenticatingRealm.java:568)
	at org.apache.shiro.authc.pam.ModularRealmAuthenticator.doMultiRealmAuthentication(ModularRealmAuthenticator.java:219)
	at org.apache.shiro.authc.pam.ModularRealmAuthenticator.doAuthenticate(ModularRealmAuthenticator.java:269)
	at org.apache.shiro.authc.AbstractAuthenticator.authenticate(AbstractAuthenticator.java:198)
	at org.apache.shiro.mgt.AuthenticatingSecurityManager.authenticate(AuthenticatingSecurityManager.java:106)
	at org.apache.shiro.mgt.DefaultSecurityManager.login(DefaultSecurityManager.java:270)
	at org.apache.shiro.subject.support.DelegatingSubject.login(DelegatingSubject.java:256)
	at org.apache.shiro.web.filter.authc.AuthenticatingFilter.executeLogin(AuthenticatingFilter.java:53)
	at com.framework.module.common.security.jwt.JWTAuthenticationFilter.onAccessDenied(JWTAuthenticationFilter.java:57)
	at org.apache.shiro.web.filter.AccessControlFilter.onAccessDenied(AccessControlFilter.java:133)
	at org.apache.shiro.web.filter.AccessControlFilter.onPreHandle(AccessControlFilter.java:162)
	at org.apache.shiro.web.filter.PathMatchingFilter.isFilterChainContinued(PathMatchingFilter.java:203)
	at org.apache.shiro.web.filter.PathMatchingFilter.preHandle(PathMatchingFilter.java:178)
	at org.apache.shiro.web.servlet.AdviceFilter.doFilterInternal(AdviceFilter.java:131)
	at org.apache.shiro.web.servlet.OncePerRequestFilter.doFilter(OncePerRequestFilter.java:125)
	at org.apache.shiro.web.servlet.ProxiedFilterChain.doFilter(ProxiedFilterChain.java:66)
	at org.apache.shiro.web.servlet.AbstractShiroFilter.executeChain(AbstractShiroFilter.java:449)
	at org.apache.shiro.web.servlet.AbstractShiroFilter$1.call(AbstractShiroFilter.java:365)
	at org.apache.shiro.subject.support.SubjectCallable.doCall(SubjectCallable.java:90)
	at org.apache.shiro.subject.support.SubjectCallable.call(SubjectCallable.java:83)
	at org.apache.shiro.subject.support.DelegatingSubject.execute(DelegatingSubject.java:383)
	at org.apache.shiro.web.servlet.AbstractShiroFilter.doFilterInternal(AbstractShiroFilter.java:362)
	at org.apache.shiro.web.servlet.OncePerRequestFilter.doFilter(OncePerRequestFilter.java:125)
	at org.springframework.web.filter.DelegatingFilterProxy.invokeDelegate(DelegatingFilterProxy.java:346)
	at org.springframework.web.filter.DelegatingFilterProxy.doFilter(DelegatingFilterProxy.java:262)
	at org.eclipse.jetty.servlet.ServletHandler$CachedChain.doFilter(ServletHandler.java:1652)
	at org.eclipse.jetty.websocket.server.WebSocketUpgradeFilter.doFilter(WebSocketUpgradeFilter.java:224)
	at org.eclipse.jetty.servlet.ServletHandler$CachedChain.doFilter(ServletHandler.java:1652)
	at org.eclipse.jetty.servlet.ServletHandler.doHandle(ServletHandler.java:585)
	at org.eclipse.jetty.server.handler.ScopedHandler.handle(ScopedHandler.java:143)
	at org.eclipse.jetty.security.SecurityHandler.handle(SecurityHandler.java:577)
	at org.eclipse.jetty.server.session.SessionHandler.doHandle(SessionHandler.java:223)
	at org.eclipse.jetty.server.handler.ContextHandler.doHandle(ContextHandler.java:1127)
	at org.eclipse.jetty.servlet.ServletHandler.doScope(ServletHandler.java:515)
	at org.eclipse.jetty.server.session.SessionHandler.doScope(SessionHandler.java:185)
	at org.eclipse.jetty.server.handler.ContextHandler.doScope(ContextHandler.java:1061)
	at org.eclipse.jetty.server.handler.ScopedHandler.handle(ScopedHandler.java:141)
	at org.eclipse.jetty.server.handler.ContextHandlerCollection.handle(ContextHandlerCollection.java:215)
	at org.eclipse.jetty.server.handler.HandlerCollection.handle(HandlerCollection.java:110)
	at org.eclipse.jetty.server.handler.HandlerWrapper.handle(HandlerWrapper.java:97)
	at org.eclipse.jetty.server.Server.handle(Server.java:497)
	at org.eclipse.jetty.server.HttpChannel.handle(HttpChannel.java:310)
	at org.eclipse.jetty.server.HttpConnection.onFillable(HttpConnection.java:257)
	at org.eclipse.jetty.io.AbstractConnection$2.run(AbstractConnection.java:540)
	at org.eclipse.jetty.util.thread.QueuedThreadPool.runJob(QueuedThreadPool.java:635)
	at org.eclipse.jetty.util.thread.QueuedThreadPool$3.run(QueuedThreadPool.java:555)
	at java.lang.Thread.run(Thread.java:745)
2017-05-18 10:11:59 [INFO] [登录成功] [com.framework.module.member.service.MemberService.login():135]
2017-05-18 10:11:59 [INFO] [create JWT succeeded!] [com.framework.module.common.security.jwt.JWTUtils.encryptJWT():98]
2017-05-18 10:11:59 [INFO] [JWT validation succeeded!] [com.framework.module.common.security.jwt.JWTUtils.decryptJWT():126]
2017-05-18 10:11:59 [INFO] [JWT validation succeeded!] [com.framework.module.common.security.jwt.JWTUtils.decryptJWT():126]
2017-05-18 10:11:59 [INFO] [create JWT succeeded!] [com.framework.module.common.security.jwt.JWTUtils.encryptJWT():98]
2017-05-18 10:11:59 [INFO] [create JWT succeeded!] [com.framework.module.common.security.jwt.JWTUtils.encryptJWT():98]
2017-05-18 10:14:01 [ERROR] [The token is invalid] [com.framework.module.common.security.jwt.JWTRealm.doGetAuthenticationInfo():66]
org.jose4j.jwt.consumer.InvalidJwtException: JWT (claims->{"iss":"Issuer","aud":"Audience","exp":1495073579,"jti":"lUfKhjFSST9DmaWORbTTmw","iat":1495073519,"nbf":1495073399,"sub":"{\"userName\":\"13512789001\",\"attributes\":null}"}) rejected due to invalid claims. Additional details: [The JWT is no longer valid - the evaluation time NumericDate{1495073641 -> 2017-5-18 上午10时14分01秒} is on or after the Expiration Time (exp=NumericDate{1495073579 -> 2017-5-18 上午10时12分59秒}) claim value (even when providing 30 seconds of leeway to account for clock skew).]
	at org.jose4j.jwt.consumer.JwtConsumer.validate(JwtConsumer.java:426)
	at org.jose4j.jwt.consumer.JwtConsumer.processContext(JwtConsumer.java:277)
	at org.jose4j.jwt.consumer.JwtConsumer.process(JwtConsumer.java:395)
	at org.jose4j.jwt.consumer.JwtConsumer.processToClaims(JwtConsumer.java:155)
	at com.framework.module.common.security.jwt.JWTUtils.decryptJWT(JWTUtils.java:124)
	at com.framework.module.common.security.jwt.JWTRealm.doGetAuthenticationInfo(JWTRealm.java:58)
	at org.apache.shiro.realm.AuthenticatingRealm.getAuthenticationInfo(AuthenticatingRealm.java:568)
	at org.apache.shiro.authc.pam.ModularRealmAuthenticator.doMultiRealmAuthentication(ModularRealmAuthenticator.java:219)
	at org.apache.shiro.authc.pam.ModularRealmAuthenticator.doAuthenticate(ModularRealmAuthenticator.java:269)
	at org.apache.shiro.authc.AbstractAuthenticator.authenticate(AbstractAuthenticator.java:198)
	at org.apache.shiro.mgt.AuthenticatingSecurityManager.authenticate(AuthenticatingSecurityManager.java:106)
	at org.apache.shiro.mgt.DefaultSecurityManager.login(DefaultSecurityManager.java:270)
	at org.apache.shiro.subject.support.DelegatingSubject.login(DelegatingSubject.java:256)
	at org.apache.shiro.web.filter.authc.AuthenticatingFilter.executeLogin(AuthenticatingFilter.java:53)
	at com.framework.module.common.security.jwt.JWTAuthenticationFilter.onAccessDenied(JWTAuthenticationFilter.java:57)
	at org.apache.shiro.web.filter.AccessControlFilter.onAccessDenied(AccessControlFilter.java:133)
	at org.apache.shiro.web.filter.AccessControlFilter.onPreHandle(AccessControlFilter.java:162)
	at org.apache.shiro.web.filter.PathMatchingFilter.isFilterChainContinued(PathMatchingFilter.java:203)
	at org.apache.shiro.web.filter.PathMatchingFilter.preHandle(PathMatchingFilter.java:178)
	at org.apache.shiro.web.servlet.AdviceFilter.doFilterInternal(AdviceFilter.java:131)
	at org.apache.shiro.web.servlet.OncePerRequestFilter.doFilter(OncePerRequestFilter.java:125)
	at org.apache.shiro.web.servlet.ProxiedFilterChain.doFilter(ProxiedFilterChain.java:66)
	at org.apache.shiro.web.servlet.AbstractShiroFilter.executeChain(AbstractShiroFilter.java:449)
	at org.apache.shiro.web.servlet.AbstractShiroFilter$1.call(AbstractShiroFilter.java:365)
	at org.apache.shiro.subject.support.SubjectCallable.doCall(SubjectCallable.java:90)
	at org.apache.shiro.subject.support.SubjectCallable.call(SubjectCallable.java:83)
	at org.apache.shiro.subject.support.DelegatingSubject.execute(DelegatingSubject.java:383)
	at org.apache.shiro.web.servlet.AbstractShiroFilter.doFilterInternal(AbstractShiroFilter.java:362)
	at org.apache.shiro.web.servlet.OncePerRequestFilter.doFilter(OncePerRequestFilter.java:125)
	at org.springframework.web.filter.DelegatingFilterProxy.invokeDelegate(DelegatingFilterProxy.java:346)
	at org.springframework.web.filter.DelegatingFilterProxy.doFilter(DelegatingFilterProxy.java:262)
	at org.eclipse.jetty.servlet.ServletHandler$CachedChain.doFilter(ServletHandler.java:1652)
	at org.eclipse.jetty.websocket.server.WebSocketUpgradeFilter.doFilter(WebSocketUpgradeFilter.java:224)
	at org.eclipse.jetty.servlet.ServletHandler$CachedChain.doFilter(ServletHandler.java:1652)
	at org.eclipse.jetty.servlet.ServletHandler.doHandle(ServletHandler.java:585)
	at org.eclipse.jetty.server.handler.ScopedHandler.handle(ScopedHandler.java:143)
	at org.eclipse.jetty.security.SecurityHandler.handle(SecurityHandler.java:577)
	at org.eclipse.jetty.server.session.SessionHandler.doHandle(SessionHandler.java:223)
	at org.eclipse.jetty.server.handler.ContextHandler.doHandle(ContextHandler.java:1127)
	at org.eclipse.jetty.servlet.ServletHandler.doScope(ServletHandler.java:515)
	at org.eclipse.jetty.server.session.SessionHandler.doScope(SessionHandler.java:185)
	at org.eclipse.jetty.server.handler.ContextHandler.doScope(ContextHandler.java:1061)
	at org.eclipse.jetty.server.handler.ScopedHandler.handle(ScopedHandler.java:141)
	at org.eclipse.jetty.server.handler.ContextHandlerCollection.handle(ContextHandlerCollection.java:215)
	at org.eclipse.jetty.server.handler.HandlerCollection.handle(HandlerCollection.java:110)
	at org.eclipse.jetty.server.handler.HandlerWrapper.handle(HandlerWrapper.java:97)
	at org.eclipse.jetty.server.Server.handle(Server.java:497)
	at org.eclipse.jetty.server.HttpChannel.handle(HttpChannel.java:310)
	at org.eclipse.jetty.server.HttpConnection.onFillable(HttpConnection.java:257)
	at org.eclipse.jetty.io.AbstractConnection$2.run(AbstractConnection.java:540)
	at org.eclipse.jetty.util.thread.QueuedThreadPool.runJob(QueuedThreadPool.java:635)
	at org.eclipse.jetty.util.thread.QueuedThreadPool$3.run(QueuedThreadPool.java:555)
	at java.lang.Thread.run(Thread.java:745)
2017-05-18 10:14:01 [ERROR] [The token is invalid] [com.framework.module.common.security.jwt.JWTRealm.doGetAuthenticationInfo():66]
org.jose4j.jwt.consumer.InvalidJwtException: JWT (claims->{"iss":"Issuer","aud":"Audience","exp":1495073579,"jti":"lUfKhjFSST9DmaWORbTTmw","iat":1495073519,"nbf":1495073399,"sub":"{\"userName\":\"13512789001\",\"attributes\":null}"}) rejected due to invalid claims. Additional details: [The JWT is no longer valid - the evaluation time NumericDate{1495073641 -> 2017-5-18 上午10时14分01秒} is on or after the Expiration Time (exp=NumericDate{1495073579 -> 2017-5-18 上午10时12分59秒}) claim value (even when providing 30 seconds of leeway to account for clock skew).]
	at org.jose4j.jwt.consumer.JwtConsumer.validate(JwtConsumer.java:426)
	at org.jose4j.jwt.consumer.JwtConsumer.processContext(JwtConsumer.java:277)
	at org.jose4j.jwt.consumer.JwtConsumer.process(JwtConsumer.java:395)
	at org.jose4j.jwt.consumer.JwtConsumer.processToClaims(JwtConsumer.java:155)
	at com.framework.module.common.security.jwt.JWTUtils.decryptJWT(JWTUtils.java:124)
	at com.framework.module.common.security.jwt.JWTRealm.doGetAuthenticationInfo(JWTRealm.java:58)
	at org.apache.shiro.realm.AuthenticatingRealm.getAuthenticationInfo(AuthenticatingRealm.java:568)
	at org.apache.shiro.authc.pam.ModularRealmAuthenticator.doMultiRealmAuthentication(ModularRealmAuthenticator.java:219)
	at org.apache.shiro.authc.pam.ModularRealmAuthenticator.doAuthenticate(ModularRealmAuthenticator.java:269)
	at org.apache.shiro.authc.AbstractAuthenticator.authenticate(AbstractAuthenticator.java:198)
	at org.apache.shiro.mgt.AuthenticatingSecurityManager.authenticate(AuthenticatingSecurityManager.java:106)
	at org.apache.shiro.mgt.DefaultSecurityManager.login(DefaultSecurityManager.java:270)
	at org.apache.shiro.subject.support.DelegatingSubject.login(DelegatingSubject.java:256)
	at org.apache.shiro.web.filter.authc.AuthenticatingFilter.executeLogin(AuthenticatingFilter.java:53)
	at com.framework.module.common.security.jwt.JWTAuthenticationFilter.onAccessDenied(JWTAuthenticationFilter.java:57)
	at org.apache.shiro.web.filter.AccessControlFilter.onAccessDenied(AccessControlFilter.java:133)
	at org.apache.shiro.web.filter.AccessControlFilter.onPreHandle(AccessControlFilter.java:162)
	at org.apache.shiro.web.filter.PathMatchingFilter.isFilterChainContinued(PathMatchingFilter.java:203)
	at org.apache.shiro.web.filter.PathMatchingFilter.preHandle(PathMatchingFilter.java:178)
	at org.apache.shiro.web.servlet.AdviceFilter.doFilterInternal(AdviceFilter.java:131)
	at org.apache.shiro.web.servlet.OncePerRequestFilter.doFilter(OncePerRequestFilter.java:125)
	at org.apache.shiro.web.servlet.ProxiedFilterChain.doFilter(ProxiedFilterChain.java:66)
	at org.apache.shiro.web.servlet.AbstractShiroFilter.executeChain(AbstractShiroFilter.java:449)
	at org.apache.shiro.web.servlet.AbstractShiroFilter$1.call(AbstractShiroFilter.java:365)
	at org.apache.shiro.subject.support.SubjectCallable.doCall(SubjectCallable.java:90)
	at org.apache.shiro.subject.support.SubjectCallable.call(SubjectCallable.java:83)
	at org.apache.shiro.subject.support.DelegatingSubject.execute(DelegatingSubject.java:383)
	at org.apache.shiro.web.servlet.AbstractShiroFilter.doFilterInternal(AbstractShiroFilter.java:362)
	at org.apache.shiro.web.servlet.OncePerRequestFilter.doFilter(OncePerRequestFilter.java:125)
	at org.springframework.web.filter.DelegatingFilterProxy.invokeDelegate(DelegatingFilterProxy.java:346)
	at org.springframework.web.filter.DelegatingFilterProxy.doFilter(DelegatingFilterProxy.java:262)
	at org.eclipse.jetty.servlet.ServletHandler$CachedChain.doFilter(ServletHandler.java:1652)
	at org.eclipse.jetty.websocket.server.WebSocketUpgradeFilter.doFilter(WebSocketUpgradeFilter.java:224)
	at org.eclipse.jetty.servlet.ServletHandler$CachedChain.doFilter(ServletHandler.java:1652)
	at org.eclipse.jetty.servlet.ServletHandler.doHandle(ServletHandler.java:585)
	at org.eclipse.jetty.server.handler.ScopedHandler.handle(ScopedHandler.java:143)
	at org.eclipse.jetty.security.SecurityHandler.handle(SecurityHandler.java:577)
	at org.eclipse.jetty.server.session.SessionHandler.doHandle(SessionHandler.java:223)
	at org.eclipse.jetty.server.handler.ContextHandler.doHandle(ContextHandler.java:1127)
	at org.eclipse.jetty.servlet.ServletHandler.doScope(ServletHandler.java:515)
	at org.eclipse.jetty.server.session.SessionHandler.doScope(SessionHandler.java:185)
	at org.eclipse.jetty.server.handler.ContextHandler.doScope(ContextHandler.java:1061)
	at org.eclipse.jetty.server.handler.ScopedHandler.handle(ScopedHandler.java:141)
	at org.eclipse.jetty.server.handler.ContextHandlerCollection.handle(ContextHandlerCollection.java:215)
	at org.eclipse.jetty.server.handler.HandlerCollection.handle(HandlerCollection.java:110)
	at org.eclipse.jetty.server.handler.HandlerWrapper.handle(HandlerWrapper.java:97)
	at org.eclipse.jetty.server.Server.handle(Server.java:497)
	at org.eclipse.jetty.server.HttpChannel.handle(HttpChannel.java:310)
	at org.eclipse.jetty.server.HttpConnection.onFillable(HttpConnection.java:257)
	at org.eclipse.jetty.io.AbstractConnection$2.run(AbstractConnection.java:540)
	at org.eclipse.jetty.util.thread.QueuedThreadPool.runJob(QueuedThreadPool.java:635)
	at org.eclipse.jetty.util.thread.QueuedThreadPool$3.run(QueuedThreadPool.java:555)
	at java.lang.Thread.run(Thread.java:745)
2017-05-18 10:14:08 [INFO] [登录成功] [com.framework.module.member.service.MemberService.login():135]
2017-05-18 10:14:08 [INFO] [create JWT succeeded!] [com.framework.module.common.security.jwt.JWTUtils.encryptJWT():98]
2017-05-18 10:14:08 [INFO] [JWT validation succeeded!] [com.framework.module.common.security.jwt.JWTUtils.decryptJWT():126]
2017-05-18 10:14:08 [INFO] [JWT validation succeeded!] [com.framework.module.common.security.jwt.JWTUtils.decryptJWT():126]
2017-05-18 10:14:08 [INFO] [create JWT succeeded!] [com.framework.module.common.security.jwt.JWTUtils.encryptJWT():98]
2017-05-18 10:14:08 [INFO] [create JWT succeeded!] [com.framework.module.common.security.jwt.JWTUtils.encryptJWT():98]
2017-05-18 10:17:11 [ERROR] [The token is invalid] [com.framework.module.common.security.jwt.JWTRealm.doGetAuthenticationInfo():66]
org.jose4j.jwt.consumer.InvalidJwtException: JWT (claims->{"iss":"Issuer","aud":"Audience","exp":1495073708,"jti":"8Hqtxhb0F4CKkNOifVpTiw","iat":1495073648,"nbf":1495073528,"sub":"{\"userName\":\"13512789001\",\"attributes\":null}"}) rejected due to invalid claims. Additional details: [The JWT is no longer valid - the evaluation time NumericDate{1495073831 -> 2017-5-18 上午10时17分11秒} is on or after the Expiration Time (exp=NumericDate{1495073708 -> 2017-5-18 上午10时15分08秒}) claim value (even when providing 30 seconds of leeway to account for clock skew).]
	at org.jose4j.jwt.consumer.JwtConsumer.validate(JwtConsumer.java:426)
	at org.jose4j.jwt.consumer.JwtConsumer.processContext(JwtConsumer.java:277)
	at org.jose4j.jwt.consumer.JwtConsumer.process(JwtConsumer.java:395)
	at org.jose4j.jwt.consumer.JwtConsumer.processToClaims(JwtConsumer.java:155)
	at com.framework.module.common.security.jwt.JWTUtils.decryptJWT(JWTUtils.java:124)
	at com.framework.module.common.security.jwt.JWTRealm.doGetAuthenticationInfo(JWTRealm.java:58)
	at org.apache.shiro.realm.AuthenticatingRealm.getAuthenticationInfo(AuthenticatingRealm.java:568)
	at org.apache.shiro.authc.pam.ModularRealmAuthenticator.doMultiRealmAuthentication(ModularRealmAuthenticator.java:219)
	at org.apache.shiro.authc.pam.ModularRealmAuthenticator.doAuthenticate(ModularRealmAuthenticator.java:269)
	at org.apache.shiro.authc.AbstractAuthenticator.authenticate(AbstractAuthenticator.java:198)
	at org.apache.shiro.mgt.AuthenticatingSecurityManager.authenticate(AuthenticatingSecurityManager.java:106)
	at org.apache.shiro.mgt.DefaultSecurityManager.login(DefaultSecurityManager.java:270)
	at org.apache.shiro.subject.support.DelegatingSubject.login(DelegatingSubject.java:256)
	at org.apache.shiro.web.filter.authc.AuthenticatingFilter.executeLogin(AuthenticatingFilter.java:53)
	at com.framework.module.common.security.jwt.JWTAuthenticationFilter.onAccessDenied(JWTAuthenticationFilter.java:57)
	at org.apache.shiro.web.filter.AccessControlFilter.onAccessDenied(AccessControlFilter.java:133)
	at org.apache.shiro.web.filter.AccessControlFilter.onPreHandle(AccessControlFilter.java:162)
	at org.apache.shiro.web.filter.PathMatchingFilter.isFilterChainContinued(PathMatchingFilter.java:203)
	at org.apache.shiro.web.filter.PathMatchingFilter.preHandle(PathMatchingFilter.java:178)
	at org.apache.shiro.web.servlet.AdviceFilter.doFilterInternal(AdviceFilter.java:131)
	at org.apache.shiro.web.servlet.OncePerRequestFilter.doFilter(OncePerRequestFilter.java:125)
	at org.apache.shiro.web.servlet.ProxiedFilterChain.doFilter(ProxiedFilterChain.java:66)
	at org.apache.shiro.web.servlet.AbstractShiroFilter.executeChain(AbstractShiroFilter.java:449)
	at org.apache.shiro.web.servlet.AbstractShiroFilter$1.call(AbstractShiroFilter.java:365)
	at org.apache.shiro.subject.support.SubjectCallable.doCall(SubjectCallable.java:90)
	at org.apache.shiro.subject.support.SubjectCallable.call(SubjectCallable.java:83)
	at org.apache.shiro.subject.support.DelegatingSubject.execute(DelegatingSubject.java:383)
	at org.apache.shiro.web.servlet.AbstractShiroFilter.doFilterInternal(AbstractShiroFilter.java:362)
	at org.apache.shiro.web.servlet.OncePerRequestFilter.doFilter(OncePerRequestFilter.java:125)
	at org.springframework.web.filter.DelegatingFilterProxy.invokeDelegate(DelegatingFilterProxy.java:346)
	at org.springframework.web.filter.DelegatingFilterProxy.doFilter(DelegatingFilterProxy.java:262)
	at org.eclipse.jetty.servlet.ServletHandler$CachedChain.doFilter(ServletHandler.java:1652)
	at org.eclipse.jetty.websocket.server.WebSocketUpgradeFilter.doFilter(WebSocketUpgradeFilter.java:224)
	at org.eclipse.jetty.servlet.ServletHandler$CachedChain.doFilter(ServletHandler.java:1652)
	at org.eclipse.jetty.servlet.ServletHandler.doHandle(ServletHandler.java:585)
	at org.eclipse.jetty.server.handler.ScopedHandler.handle(ScopedHandler.java:143)
	at org.eclipse.jetty.security.SecurityHandler.handle(SecurityHandler.java:577)
	at org.eclipse.jetty.server.session.SessionHandler.doHandle(SessionHandler.java:223)
	at org.eclipse.jetty.server.handler.ContextHandler.doHandle(ContextHandler.java:1127)
	at org.eclipse.jetty.servlet.ServletHandler.doScope(ServletHandler.java:515)
	at org.eclipse.jetty.server.session.SessionHandler.doScope(SessionHandler.java:185)
	at org.eclipse.jetty.server.handler.ContextHandler.doScope(ContextHandler.java:1061)
	at org.eclipse.jetty.server.handler.ScopedHandler.handle(ScopedHandler.java:141)
	at org.eclipse.jetty.server.handler.ContextHandlerCollection.handle(ContextHandlerCollection.java:215)
	at org.eclipse.jetty.server.handler.HandlerCollection.handle(HandlerCollection.java:110)
	at org.eclipse.jetty.server.handler.HandlerWrapper.handle(HandlerWrapper.java:97)
	at org.eclipse.jetty.server.Server.handle(Server.java:497)
	at org.eclipse.jetty.server.HttpChannel.handle(HttpChannel.java:310)
	at org.eclipse.jetty.server.HttpConnection.onFillable(HttpConnection.java:257)
	at org.eclipse.jetty.io.AbstractConnection$2.run(AbstractConnection.java:540)
	at org.eclipse.jetty.util.thread.QueuedThreadPool.runJob(QueuedThreadPool.java:635)
	at org.eclipse.jetty.util.thread.QueuedThreadPool$3.run(QueuedThreadPool.java:555)
	at java.lang.Thread.run(Thread.java:745)
2017-05-18 10:17:11 [ERROR] [The token is invalid] [com.framework.module.common.security.jwt.JWTRealm.doGetAuthenticationInfo():66]
org.jose4j.jwt.consumer.InvalidJwtException: JWT (claims->{"iss":"Issuer","aud":"Audience","exp":1495073708,"jti":"8Hqtxhb0F4CKkNOifVpTiw","iat":1495073648,"nbf":1495073528,"sub":"{\"userName\":\"13512789001\",\"attributes\":null}"}) rejected due to invalid claims. Additional details: [The JWT is no longer valid - the evaluation time NumericDate{1495073831 -> 2017-5-18 上午10时17分11秒} is on or after the Expiration Time (exp=NumericDate{1495073708 -> 2017-5-18 上午10时15分08秒}) claim value (even when providing 30 seconds of leeway to account for clock skew).]
	at org.jose4j.jwt.consumer.JwtConsumer.validate(JwtConsumer.java:426)
	at org.jose4j.jwt.consumer.JwtConsumer.processContext(JwtConsumer.java:277)
	at org.jose4j.jwt.consumer.JwtConsumer.process(JwtConsumer.java:395)
	at org.jose4j.jwt.consumer.JwtConsumer.processToClaims(JwtConsumer.java:155)
	at com.framework.module.common.security.jwt.JWTUtils.decryptJWT(JWTUtils.java:124)
	at com.framework.module.common.security.jwt.JWTRealm.doGetAuthenticationInfo(JWTRealm.java:58)
	at org.apache.shiro.realm.AuthenticatingRealm.getAuthenticationInfo(AuthenticatingRealm.java:568)
	at org.apache.shiro.authc.pam.ModularRealmAuthenticator.doMultiRealmAuthentication(ModularRealmAuthenticator.java:219)
	at org.apache.shiro.authc.pam.ModularRealmAuthenticator.doAuthenticate(ModularRealmAuthenticator.java:269)
	at org.apache.shiro.authc.AbstractAuthenticator.authenticate(AbstractAuthenticator.java:198)
	at org.apache.shiro.mgt.AuthenticatingSecurityManager.authenticate(AuthenticatingSecurityManager.java:106)
	at org.apache.shiro.mgt.DefaultSecurityManager.login(DefaultSecurityManager.java:270)
	at org.apache.shiro.subject.support.DelegatingSubject.login(DelegatingSubject.java:256)
	at org.apache.shiro.web.filter.authc.AuthenticatingFilter.executeLogin(AuthenticatingFilter.java:53)
	at com.framework.module.common.security.jwt.JWTAuthenticationFilter.onAccessDenied(JWTAuthenticationFilter.java:57)
	at org.apache.shiro.web.filter.AccessControlFilter.onAccessDenied(AccessControlFilter.java:133)
	at org.apache.shiro.web.filter.AccessControlFilter.onPreHandle(AccessControlFilter.java:162)
	at org.apache.shiro.web.filter.PathMatchingFilter.isFilterChainContinued(PathMatchingFilter.java:203)
	at org.apache.shiro.web.filter.PathMatchingFilter.preHandle(PathMatchingFilter.java:178)
	at org.apache.shiro.web.servlet.AdviceFilter.doFilterInternal(AdviceFilter.java:131)
	at org.apache.shiro.web.servlet.OncePerRequestFilter.doFilter(OncePerRequestFilter.java:125)
	at org.apache.shiro.web.servlet.ProxiedFilterChain.doFilter(ProxiedFilterChain.java:66)
	at org.apache.shiro.web.servlet.AbstractShiroFilter.executeChain(AbstractShiroFilter.java:449)
	at org.apache.shiro.web.servlet.AbstractShiroFilter$1.call(AbstractShiroFilter.java:365)
	at org.apache.shiro.subject.support.SubjectCallable.doCall(SubjectCallable.java:90)
	at org.apache.shiro.subject.support.SubjectCallable.call(SubjectCallable.java:83)
	at org.apache.shiro.subject.support.DelegatingSubject.execute(DelegatingSubject.java:383)
	at org.apache.shiro.web.servlet.AbstractShiroFilter.doFilterInternal(AbstractShiroFilter.java:362)
	at org.apache.shiro.web.servlet.OncePerRequestFilter.doFilter(OncePerRequestFilter.java:125)
	at org.springframework.web.filter.DelegatingFilterProxy.invokeDelegate(DelegatingFilterProxy.java:346)
	at org.springframework.web.filter.DelegatingFilterProxy.doFilter(DelegatingFilterProxy.java:262)
	at org.eclipse.jetty.servlet.ServletHandler$CachedChain.doFilter(ServletHandler.java:1652)
	at org.eclipse.jetty.websocket.server.WebSocketUpgradeFilter.doFilter(WebSocketUpgradeFilter.java:224)
	at org.eclipse.jetty.servlet.ServletHandler$CachedChain.doFilter(ServletHandler.java:1652)
	at org.eclipse.jetty.servlet.ServletHandler.doHandle(ServletHandler.java:585)
	at org.eclipse.jetty.server.handler.ScopedHandler.handle(ScopedHandler.java:143)
	at org.eclipse.jetty.security.SecurityHandler.handle(SecurityHandler.java:577)
	at org.eclipse.jetty.server.session.SessionHandler.doHandle(SessionHandler.java:223)
	at org.eclipse.jetty.server.handler.ContextHandler.doHandle(ContextHandler.java:1127)
	at org.eclipse.jetty.servlet.ServletHandler.doScope(ServletHandler.java:515)
	at org.eclipse.jetty.server.session.SessionHandler.doScope(SessionHandler.java:185)
	at org.eclipse.jetty.server.handler.ContextHandler.doScope(ContextHandler.java:1061)
	at org.eclipse.jetty.server.handler.ScopedHandler.handle(ScopedHandler.java:141)
	at org.eclipse.jetty.server.handler.ContextHandlerCollection.handle(ContextHandlerCollection.java:215)
	at org.eclipse.jetty.server.handler.HandlerCollection.handle(HandlerCollection.java:110)
	at org.eclipse.jetty.server.handler.HandlerWrapper.handle(HandlerWrapper.java:97)
	at org.eclipse.jetty.server.Server.handle(Server.java:497)
	at org.eclipse.jetty.server.HttpChannel.handle(HttpChannel.java:310)
	at org.eclipse.jetty.server.HttpConnection.onFillable(HttpConnection.java:257)
	at org.eclipse.jetty.io.AbstractConnection$2.run(AbstractConnection.java:540)
	at org.eclipse.jetty.util.thread.QueuedThreadPool.runJob(QueuedThreadPool.java:635)
	at org.eclipse.jetty.util.thread.QueuedThreadPool$3.run(QueuedThreadPool.java:555)
	at java.lang.Thread.run(Thread.java:745)
2017-05-18 10:21:03 [INFO] [登录成功] [com.framework.module.member.service.MemberService.login():135]
2017-05-18 10:21:03 [INFO] [create JWT succeeded!] [com.framework.module.common.security.jwt.JWTUtils.encryptJWT():98]
2017-05-18 10:21:03 [INFO] [JWT validation succeeded!] [com.framework.module.common.security.jwt.JWTUtils.decryptJWT():126]
2017-05-18 10:21:03 [INFO] [JWT validation succeeded!] [com.framework.module.common.security.jwt.JWTUtils.decryptJWT():126]
2017-05-18 10:21:03 [INFO] [create JWT succeeded!] [com.framework.module.common.security.jwt.JWTUtils.encryptJWT():98]
2017-05-18 10:21:03 [INFO] [create JWT succeeded!] [com.framework.module.common.security.jwt.JWTUtils.encryptJWT():98]
